==255== Memcheck, a memory error detector
==255== Copyright (C) 2002-2017, and GNU GPL'd, by Julian Seward et al.
==255== Using Valgrind-3.18.1 and LibVEX; rerun with -h for copyright info
==255== Command: /tmp/tmpi8txaue0/student/zaj8i9UniqueObjectList_and_parser/build//bin/unit_tests
==255== 
Running main() from /tmp/tmpi8txaue0/student/zaj8i9UniqueObjectList_and_parser/unitTests/lib/googletest/src/gtest_main.cc
[==========] Running 15 tests from 1 test suite.
[----------] Global test environment set-up.
[----------] 15 tests from ObjectListTester
[ RUN      ] ObjectListTester.constructionWithDefaultConstructor_expectedAllElementsAreZero
[       OK ] ObjectListTester.constructionWithDefaultConstructor_expectedAllElementsAreZero (15 ms)
[ RUN      ] ObjectListTester.pushFrontOfElements_expectedSizeIncreases
[       OK ] ObjectListTester.pushFrontOfElements_expectedSizeIncreases (27 ms)
[ RUN      ] ObjectListTester.pushFrontOfDuplicatedElements_expectedSizeIncreasesOnlyWhenUniqueElementAdded
[       OK ] ObjectListTester.pushFrontOfDuplicatedElements_expectedSizeIncreasesOnlyWhenUniqueElementAdded (9 ms)
[ RUN      ] ObjectListTester.popFrontOfElements_expectedSizeDecreases
[       OK ] ObjectListTester.popFrontOfElements_expectedSizeDecreases (6 ms)
[ RUN      ] ObjectListTester.frontOfLists_expectedCorrectFirstElementReturned
[       OK ] ObjectListTester.frontOfLists_expectedCorrectFirstElementReturned (19 ms)
[ RUN      ] ObjectListTester.clear_expectedAllElementsRemoved
[       OK ] ObjectListTester.clear_expectedAllElementsRemoved (7 ms)
[ RUN      ] ObjectListTester.reverse_expectedAllElementsReversed
[       OK ] ObjectListTester.reverse_expectedAllElementsReversed (8 ms)
[ RUN      ] ObjectListTester.iteratorMethodsSyntaxCorrect_expectedChecksPasses
[       OK ] ObjectListTester.iteratorMethodsSyntaxCorrect_expectedChecksPasses (3 ms)
[ RUN      ] ObjectListTester.loopingWithIterators_expectedSuccess
==255== Conditional jump or move depends on uninitialised value(s)
==255==    at 0x11891E: ObjectListTester_loopingWithIterators_expectedSuccess_Test::TestBody() (in /tmp/tmpi8txaue0/student/zaj8i9UniqueObjectList_and_parser/build/bin/unit_tests)
==255==    by 0x167BF4: void testing::internal::HandleSehExceptionsInMethodIfSupported<testing::Test, void>(testing::Test*, void (testing::Test::*)(), char const*) (in /tmp/tmpi8txaue0/student/zaj8i9UniqueObjectList_and_parser/build/bin/unit_tests)
==255==    by 0x15FF88: void testing::internal::HandleExceptionsInMethodIfSupported<testing::Test, void>(testing::Test*, void (testing::Test::*)(), char const*) (in /tmp/tmpi8txaue0/student/zaj8i9UniqueObjectList_and_parser/build/bin/unit_tests)
==255==    by 0x13AC1F: testing::Test::Run() (in /tmp/tmpi8txaue0/student/zaj8i9UniqueObjectList_and_parser/build/bin/unit_tests)
==255==    by 0x13B73A: testing::TestInfo::Run() (in /tmp/tmpi8txaue0/student/zaj8i9UniqueObjectList_and_parser/build/bin/unit_tests)
==255==    by 0x13C078: testing::TestSuite::Run() (in /tmp/tmpi8txaue0/student/zaj8i9UniqueObjectList_and_parser/build/bin/unit_tests)
==255==    by 0x14C428: testing::internal::UnitTestImpl::RunAllTests() (in /tmp/tmpi8txaue0/student/zaj8i9UniqueObjectList_and_parser/build/bin/unit_tests)
==255==    by 0x168C9B: bool testing::internal::HandleSehExceptionsInMethodIfSupported<testing::internal::UnitTestImpl, bool>(testing::internal::UnitTestImpl*, bool (testing::internal::UnitTestImpl::*)(), char const*) (in /tmp/tmpi8txaue0/student/zaj8i9UniqueObjectList_and_parser/build/bin/unit_tests)
==255==    by 0x1611A8: bool testing::internal::HandleExceptionsInMethodIfSupported<testing::internal::UnitTestImpl, bool>(testing::internal::UnitTestImpl*, bool (testing::internal::UnitTestImpl::*)(), char const*) (in /tmp/tmpi8txaue0/student/zaj8i9UniqueObjectList_and_parser/build/bin/unit_tests)
==255==    by 0x14AA4A: testing::UnitTest::Run() (in /tmp/tmpi8txaue0/student/zaj8i9UniqueObjectList_and_parser/build/bin/unit_tests)
==255==    by 0x17CD82: RUN_ALL_TESTS() (in /tmp/tmpi8txaue0/student/zaj8i9UniqueObjectList_and_parser/build/bin/unit_tests)
==255==    by 0x17CCFB: main (in /tmp/tmpi8txaue0/student/zaj8i9UniqueObjectList_and_parser/build/bin/unit_tests)
==255== 
[       OK ] ObjectListTester.loopingWithIterators_expectedSuccess (6 ms)
[ RUN      ] ObjectListTester.eraseAfterMiddleElement_expectedMiddleElementErased
==255== Conditional jump or move depends on uninitialised value(s)
==255==    at 0x126A0A: ObjectList::erase_after(ObjectList::iterator) (in /tmp/tmpi8txaue0/student/zaj8i9UniqueObjectList_and_parser/build/bin/unit_tests)
==255==    by 0x118C2F: ObjectListTester_eraseAfterMiddleElement_expectedMiddleElementErased_Test::TestBody() (in /tmp/tmpi8txaue0/student/zaj8i9UniqueObjectList_and_parser/build/bin/unit_tests)
==255==    by 0x167BF4: void testing::internal::HandleSehExceptionsInMethodIfSupported<testing::Test, void>(testing::Test*, void (testing::Test::*)(), char const*) (in /tmp/tmpi8txaue0/student/zaj8i9UniqueObjectList_and_parser/build/bin/unit_tests)
==255==    by 0x15FF88: void testing::internal::HandleExceptionsInMethodIfSupported<testing::Test, void>(testing::Test*, void (testing::Test::*)(), char const*) (in /tmp/tmpi8txaue0/student/zaj8i9UniqueObjectList_and_parser/build/bin/unit_tests)
==255==    by 0x13AC1F: testing::Test::Run() (in /tmp/tmpi8txaue0/student/zaj8i9UniqueObjectList_and_parser/build/bin/unit_tests)
==255==    by 0x13B73A: testing::TestInfo::Run() (in /tmp/tmpi8txaue0/student/zaj8i9UniqueObjectList_and_parser/build/bin/unit_tests)
==255==    by 0x13C078: testing::TestSuite::Run() (in /tmp/tmpi8txaue0/student/zaj8i9UniqueObjectList_and_parser/build/bin/unit_tests)
==255==    by 0x14C428: testing::internal::UnitTestImpl::RunAllTests() (in /tmp/tmpi8txaue0/student/zaj8i9UniqueObjectList_and_parser/build/bin/unit_tests)
==255==    by 0x168C9B: bool testing::internal::HandleSehExceptionsInMethodIfSupported<testing::internal::UnitTestImpl, bool>(testing::internal::UnitTestImpl*, bool (testing::internal::UnitTestImpl::*)(), char const*) (in /tmp/tmpi8txaue0/student/zaj8i9UniqueObjectList_and_parser/build/bin/unit_tests)
==255==    by 0x1611A8: bool testing::internal::HandleExceptionsInMethodIfSupported<testing::internal::UnitTestImpl, bool>(testing::internal::UnitTestImpl*, bool (testing::internal::UnitTestImpl::*)(), char const*) (in /tmp/tmpi8txaue0/student/zaj8i9UniqueObjectList_and_parser/build/bin/unit_tests)
==255==    by 0x14AA4A: testing::UnitTest::Run() (in /tmp/tmpi8txaue0/student/zaj8i9UniqueObjectList_and_parser/build/bin/unit_tests)
==255==    by 0x17CD82: RUN_ALL_TESTS() (in /tmp/tmpi8txaue0/student/zaj8i9UniqueObjectList_and_parser/build/bin/unit_tests)
==255== 
==255== Conditional jump or move depends on uninitialised value(s)
==255==    at 0x118F14: ObjectListTester_eraseAfterMiddleElement_expectedMiddleElementErased_Test::TestBody() (in /tmp/tmpi8txaue0/student/zaj8i9UniqueObjectList_and_parser/build/bin/unit_tests)
==255==    by 0x167BF4: void testing::internal::HandleSehExceptionsInMethodIfSupported<testing::Test, void>(testing::Test*, void (testing::Test::*)(), char const*) (in /tmp/tmpi8txaue0/student/zaj8i9UniqueObjectList_and_parser/build/bin/unit_tests)
==255==    by 0x15FF88: void testing::internal::HandleExceptionsInMethodIfSupported<testing::Test, void>(testing::Test*, void (testing::Test::*)(), char const*) (in /tmp/tmpi8txaue0/student/zaj8i9UniqueObjectList_and_parser/build/bin/unit_tests)
==255==    by 0x13AC1F: testing::Test::Run() (in /tmp/tmpi8txaue0/student/zaj8i9UniqueObjectList_and_parser/build/bin/unit_tests)
==255==    by 0x13B73A: testing::TestInfo::Run() (in /tmp/tmpi8txaue0/student/zaj8i9UniqueObjectList_and_parser/build/bin/unit_tests)
==255==    by 0x13C078: testing::TestSuite::Run() (in /tmp/tmpi8txaue0/student/zaj8i9UniqueObjectList_and_parser/build/bin/unit_tests)
==255==    by 0x14C428: testing::internal::UnitTestImpl::RunAllTests() (in /tmp/tmpi8txaue0/student/zaj8i9UniqueObjectList_and_parser/build/bin/unit_tests)
==255==    by 0x168C9B: bool testing::internal::HandleSehExceptionsInMethodIfSupported<testing::internal::UnitTestImpl, bool>(testing::internal::UnitTestImpl*, bool (testing::internal::UnitTestImpl::*)(), char const*) (in /tmp/tmpi8txaue0/student/zaj8i9UniqueObjectList_and_parser/build/bin/unit_tests)
==255==    by 0x1611A8: bool testing::internal::HandleExceptionsInMethodIfSupported<testing::internal::UnitTestImpl, bool>(testing::internal::UnitTestImpl*, bool (testing::internal::UnitTestImpl::*)(), char const*) (in /tmp/tmpi8txaue0/student/zaj8i9UniqueObjectList_and_parser/build/bin/unit_tests)
==255==    by 0x14AA4A: testing::UnitTest::Run() (in /tmp/tmpi8txaue0/student/zaj8i9UniqueObjectList_and_parser/build/bin/unit_tests)
==255==    by 0x17CD82: RUN_ALL_TESTS() (in /tmp/tmpi8txaue0/student/zaj8i9UniqueObjectList_and_parser/build/bin/unit_tests)
==255==    by 0x17CCFB: main (in /tmp/tmpi8txaue0/student/zaj8i9UniqueObjectList_and_parser/build/bin/unit_tests)
==255== 
[       OK ] ObjectListTester.eraseAfterMiddleElement_expectedMiddleElementErased (16 ms)
[ RUN      ] ObjectListTester.eraseMiddleElement_expectedMiddleElementErased
==255== Conditional jump or move depends on uninitialised value(s)
==255==    at 0x126A0A: ObjectList::erase_after(ObjectList::iterator) (in /tmp/tmpi8txaue0/student/zaj8i9UniqueObjectList_and_parser/build/bin/unit_tests)
==255==    by 0x126B4C: ObjectList::erase(ObjectList::iterator) (in /tmp/tmpi8txaue0/student/zaj8i9UniqueObjectList_and_parser/build/bin/unit_tests)
==255==    by 0x119272: ObjectListTester_eraseMiddleElement_expectedMiddleElementErased_Test::TestBody() (in /tmp/tmpi8txaue0/student/zaj8i9UniqueObjectList_and_parser/build/bin/unit_tests)
==255==    by 0x167BF4: void testing::internal::HandleSehExceptionsInMethodIfSupported<testing::Test, void>(testing::Test*, void (testing::Test::*)(), char const*) (in /tmp/tmpi8txaue0/student/zaj8i9UniqueObjectList_and_parser/build/bin/unit_tests)
==255==    by 0x15FF88: void testing::internal::HandleExceptionsInMethodIfSupported<testing::Test, void>(testing::Test*, void (testing::Test::*)(), char const*) (in /tmp/tmpi8txaue0/student/zaj8i9UniqueObjectList_and_parser/build/bin/unit_tests)
==255==    by 0x13AC1F: testing::Test::Run() (in /tmp/tmpi8txaue0/student/zaj8i9UniqueObjectList_and_parser/build/bin/unit_tests)
==255==    by 0x13B73A: testing::TestInfo::Run() (in /tmp/tmpi8txaue0/student/zaj8i9UniqueObjectList_and_parser/build/bin/unit_tests)
==255==    by 0x13C078: testing::TestSuite::Run() (in /tmp/tmpi8txaue0/student/zaj8i9UniqueObjectList_and_parser/build/bin/unit_tests)
==255==    by 0x14C428: testing::internal::UnitTestImpl::RunAllTests() (in /tmp/tmpi8txaue0/student/zaj8i9UniqueObjectList_and_parser/build/bin/unit_tests)
==255==    by 0x168C9B: bool testing::internal::HandleSehExceptionsInMethodIfSupported<testing::internal::UnitTestImpl, bool>(testing::internal::UnitTestImpl*, bool (testing::internal::UnitTestImpl::*)(), char const*) (in /tmp/tmpi8txaue0/student/zaj8i9UniqueObjectList_and_parser/build/bin/unit_tests)
==255==    by 0x1611A8: bool testing::internal::HandleExceptionsInMethodIfSupported<testing::internal::UnitTestImpl, bool>(testing::internal::UnitTestImpl*, bool (testing::internal::UnitTestImpl::*)(), char const*) (in /tmp/tmpi8txaue0/student/zaj8i9UniqueObjectList_and_parser/build/bin/unit_tests)
==255==    by 0x14AA4A: testing::UnitTest::Run() (in /tmp/tmpi8txaue0/student/zaj8i9UniqueObjectList_and_parser/build/bin/unit_tests)
==255== 
==255== Conditional jump or move depends on uninitialised value(s)
==255==    at 0x11953A: ObjectListTester_eraseMiddleElement_expectedMiddleElementErased_Test::TestBody() (in /tmp/tmpi8txaue0/student/zaj8i9UniqueObjectList_and_parser/build/bin/unit_tests)
==255==    by 0x167BF4: void testing::internal::HandleSehExceptionsInMethodIfSupported<testing::Test, void>(testing::Test*, void (testing::Test::*)(), char const*) (in /tmp/tmpi8txaue0/student/zaj8i9UniqueObjectList_and_parser/build/bin/unit_tests)
==255==    by 0x15FF88: void testing::internal::HandleExceptionsInMethodIfSupported<testing::Test, void>(testing::Test*, void (testing::Test::*)(), char const*) (in /tmp/tmpi8txaue0/student/zaj8i9UniqueObjectList_and_parser/build/bin/unit_tests)
==255==    by 0x13AC1F: testing::Test::Run() (in /tmp/tmpi8txaue0/student/zaj8i9UniqueObjectList_and_parser/build/bin/unit_tests)
==255==    by 0x13B73A: testing::TestInfo::Run() (in /tmp/tmpi8txaue0/student/zaj8i9UniqueObjectList_and_parser/build/bin/unit_tests)
==255==    by 0x13C078: testing::TestSuite::Run() (in /tmp/tmpi8txaue0/student/zaj8i9UniqueObjectList_and_parser/build/bin/unit_tests)
==255==    by 0x14C428: testing::internal::UnitTestImpl::RunAllTests() (in /tmp/tmpi8txaue0/student/zaj8i9UniqueObjectList_and_parser/build/bin/unit_tests)
==255==    by 0x168C9B: bool testing::internal::HandleSehExceptionsInMethodIfSupported<testing::internal::UnitTestImpl, bool>(testing::internal::UnitTestImpl*, bool (testing::internal::UnitTestImpl::*)(), char const*) (in /tmp/tmpi8txaue0/student/zaj8i9UniqueObjectList_and_parser/build/bin/unit_tests)
==255==    by 0x1611A8: bool testing::internal::HandleExceptionsInMethodIfSupported<testing::internal::UnitTestImpl, bool>(testing::internal::UnitTestImpl*, bool (testing::internal::UnitTestImpl::*)(), char const*) (in /tmp/tmpi8txaue0/student/zaj8i9UniqueObjectList_and_parser/build/bin/unit_tests)
==255==    by 0x14AA4A: testing::UnitTest::Run() (in /tmp/tmpi8txaue0/student/zaj8i9UniqueObjectList_and_parser/build/bin/unit_tests)
==255==    by 0x17CD82: RUN_ALL_TESTS() (in /tmp/tmpi8txaue0/student/zaj8i9UniqueObjectList_and_parser/build/bin/unit_tests)
==255==    by 0x17CCFB: main (in /tmp/tmpi8txaue0/student/zaj8i9UniqueObjectList_and_parser/build/bin/unit_tests)
==255== 
[       OK ] ObjectListTester.eraseMiddleElement_expectedMiddleElementErased (15 ms)
[ RUN      ] ObjectListTester.copyConstructorImplemented_expected2ListsWithTheSameElementsInTheSameOrder
==255== Conditional jump or move depends on uninitialised value(s)
==255==    at 0x126C04: ObjectList::ObjectList(ObjectList const&) (in /tmp/tmpi8txaue0/student/zaj8i9UniqueObjectList_and_parser/build/bin/unit_tests)
==255==    by 0x1197F4: ObjectListTester_copyConstructorImplemented_expected2ListsWithTheSameElementsInTheSameOrder_Test::TestBody() (in /tmp/tmpi8txaue0/student/zaj8i9UniqueObjectList_and_parser/build/bin/unit_tests)
==255==    by 0x167BF4: void testing::internal::HandleSehExceptionsInMethodIfSupported<testing::Test, void>(testing::Test*, void (testing::Test::*)(), char const*) (in /tmp/tmpi8txaue0/student/zaj8i9UniqueObjectList_and_parser/build/bin/unit_tests)
==255==    by 0x15FF88: void testing::internal::HandleExceptionsInMethodIfSupported<testing::Test, void>(testing::Test*, void (testing::Test::*)(), char const*) (in /tmp/tmpi8txaue0/student/zaj8i9UniqueObjectList_and_parser/build/bin/unit_tests)
==255==    by 0x13AC1F: testing::Test::Run() (in /tmp/tmpi8txaue0/student/zaj8i9UniqueObjectList_and_parser/build/bin/unit_tests)
==255==    by 0x13B73A: testing::TestInfo::Run() (in /tmp/tmpi8txaue0/student/zaj8i9UniqueObjectList_and_parser/build/bin/unit_tests)
==255==    by 0x13C078: testing::TestSuite::Run() (in /tmp/tmpi8txaue0/student/zaj8i9UniqueObjectList_and_parser/build/bin/unit_tests)
==255==    by 0x14C428: testing::internal::UnitTestImpl::RunAllTests() (in /tmp/tmpi8txaue0/student/zaj8i9UniqueObjectList_and_parser/build/bin/unit_tests)
==255==    by 0x168C9B: bool testing::internal::HandleSehExceptionsInMethodIfSupported<testing::internal::UnitTestImpl, bool>(testing::internal::UnitTestImpl*, bool (testing::internal::UnitTestImpl::*)(), char const*) (in /tmp/tmpi8txaue0/student/zaj8i9UniqueObjectList_and_parser/build/bin/unit_tests)
==255==    by 0x1611A8: bool testing::internal::HandleExceptionsInMethodIfSupported<testing::internal::UnitTestImpl, bool>(testing::internal::UnitTestImpl*, bool (testing::internal::UnitTestImpl::*)(), char const*) (in /tmp/tmpi8txaue0/student/zaj8i9UniqueObjectList_and_parser/build/bin/unit_tests)
==255==    by 0x14AA4A: testing::UnitTest::Run() (in /tmp/tmpi8txaue0/student/zaj8i9UniqueObjectList_and_parser/build/bin/unit_tests)
==255==    by 0x17CD82: RUN_ALL_TESTS() (in /tmp/tmpi8txaue0/student/zaj8i9UniqueObjectList_and_parser/build/bin/unit_tests)
==255== 
==255== Conditional jump or move depends on uninitialised value(s)
==255==    at 0x119D23: ObjectListTester_copyConstructorImplemented_expected2ListsWithTheSameElementsInTheSameOrder_Test::TestBody() (in /tmp/tmpi8txaue0/student/zaj8i9UniqueObjectList_and_parser/build/bin/unit_tests)
==255==    by 0x167BF4: void testing::internal::HandleSehExceptionsInMethodIfSupported<testing::Test, void>(testing::Test*, void (testing::Test::*)(), char const*) (in /tmp/tmpi8txaue0/student/zaj8i9UniqueObjectList_and_parser/build/bin/unit_tests)
==255==    by 0x15FF88: void testing::internal::HandleExceptionsInMethodIfSupported<testing::Test, void>(testing::Test*, void (testing::Test::*)(), char const*) (in /tmp/tmpi8txaue0/student/zaj8i9UniqueObjectList_and_parser/build/bin/unit_tests)
==255==    by 0x13AC1F: testing::Test::Run() (in /tmp/tmpi8txaue0/student/zaj8i9UniqueObjectList_and_parser/build/bin/unit_tests)
==255==    by 0x13B73A: testing::TestInfo::Run() (in /tmp/tmpi8txaue0/student/zaj8i9UniqueObjectList_and_parser/build/bin/unit_tests)
==255==    by 0x13C078: testing::TestSuite::Run() (in /tmp/tmpi8txaue0/student/zaj8i9UniqueObjectList_and_parser/build/bin/unit_tests)
==255==    by 0x14C428: testing::internal::UnitTestImpl::RunAllTests() (in /tmp/tmpi8txaue0/student/zaj8i9UniqueObjectList_and_parser/build/bin/unit_tests)
==255==    by 0x168C9B: bool testing::internal::HandleSehExceptionsInMethodIfSupported<testing::internal::UnitTestImpl, bool>(testing::internal::UnitTestImpl*, bool (testing::internal::UnitTestImpl::*)(), char const*) (in /tmp/tmpi8txaue0/student/zaj8i9UniqueObjectList_and_parser/build/bin/unit_tests)
==255==    by 0x1611A8: bool testing::internal::HandleExceptionsInMethodIfSupported<testing::internal::UnitTestImpl, bool>(testing::internal::UnitTestImpl*, bool (testing::internal::UnitTestImpl::*)(), char const*) (in /tmp/tmpi8txaue0/student/zaj8i9UniqueObjectList_and_parser/build/bin/unit_tests)
==255==    by 0x14AA4A: testing::UnitTest::Run() (in /tmp/tmpi8txaue0/student/zaj8i9UniqueObjectList_and_parser/build/bin/unit_tests)
==255==    by 0x17CD82: RUN_ALL_TESTS() (in /tmp/tmpi8txaue0/student/zaj8i9UniqueObjectList_and_parser/build/bin/unit_tests)
==255==    by 0x17CCFB: main (in /tmp/tmpi8txaue0/student/zaj8i9UniqueObjectList_and_parser/build/bin/unit_tests)
==255== 
[       OK ] ObjectListTester.copyConstructorImplemented_expected2ListsWithTheSameElementsInTheSameOrder (9 ms)
[ RUN      ] ObjectListTester.moveConstructorImplemented_expectedAllElementsMovedToOrderContainer
[       OK ] ObjectListTester.moveConstructorImplemented_expectedAllElementsMovedToOrderContainer (5 ms)
[ RUN      ] ObjectListTester.assignmentOperatorCopying_expectedNewValues
==255== Conditional jump or move depends on uninitialised value(s)
==255==    at 0x11E85D: ObjectList::operator=(ObjectList const&) (in /tmp/tmpi8txaue0/student/zaj8i9UniqueObjectList_and_parser/build/bin/unit_tests)
==255==    by 0x11AB5C: ObjectListTester_assignmentOperatorCopying_expectedNewValues_Test::TestBody() (in /tmp/tmpi8txaue0/student/zaj8i9UniqueObjectList_and_parser/build/bin/unit_tests)
==255==    by 0x167BF4: void testing::internal::HandleSehExceptionsInMethodIfSupported<testing::Test, void>(testing::Test*, void (testing::Test::*)(), char const*) (in /tmp/tmpi8txaue0/student/zaj8i9UniqueObjectList_and_parser/build/bin/unit_tests)
==255==    by 0x15FF88: void testing::internal::HandleExceptionsInMethodIfSupported<testing::Test, void>(testing::Test*, void (testing::Test::*)(), char const*) (in /tmp/tmpi8txaue0/student/zaj8i9UniqueObjectList_and_parser/build/bin/unit_tests)
==255==    by 0x13AC1F: testing::Test::Run() (in /tmp/tmpi8txaue0/student/zaj8i9UniqueObjectList_and_parser/build/bin/unit_tests)
==255==    by 0x13B73A: testing::TestInfo::Run() (in /tmp/tmpi8txaue0/student/zaj8i9UniqueObjectList_and_parser/build/bin/unit_tests)
==255==    by 0x13C078: testing::TestSuite::Run() (in /tmp/tmpi8txaue0/student/zaj8i9UniqueObjectList_and_parser/build/bin/unit_tests)
==255==    by 0x14C428: testing::internal::UnitTestImpl::RunAllTests() (in /tmp/tmpi8txaue0/student/zaj8i9UniqueObjectList_and_parser/build/bin/unit_tests)
==255==    by 0x168C9B: bool testing::internal::HandleSehExceptionsInMethodIfSupported<testing::internal::UnitTestImpl, bool>(testing::internal::UnitTestImpl*, bool (testing::internal::UnitTestImpl::*)(), char const*) (in /tmp/tmpi8txaue0/student/zaj8i9UniqueObjectList_and_parser/build/bin/unit_tests)
==255==    by 0x1611A8: bool testing::internal::HandleExceptionsInMethodIfSupported<testing::internal::UnitTestImpl, bool>(testing::internal::UnitTestImpl*, bool (testing::internal::UnitTestImpl::*)(), char const*) (in /tmp/tmpi8txaue0/student/zaj8i9UniqueObjectList_and_parser/build/bin/unit_tests)
==255==    by 0x14AA4A: testing::UnitTest::Run() (in /tmp/tmpi8txaue0/student/zaj8i9UniqueObjectList_and_parser/build/bin/unit_tests)
==255==    by 0x17CD82: RUN_ALL_TESTS() (in /tmp/tmpi8txaue0/student/zaj8i9UniqueObjectList_and_parser/build/bin/unit_tests)
==255== 
==255== Conditional jump or move depends on uninitialised value(s)
==255==    at 0x11B1B3: ObjectListTester_assignmentOperatorCopying_expectedNewValues_Test::TestBody() (in /tmp/tmpi8txaue0/student/zaj8i9UniqueObjectList_and_parser/build/bin/unit_tests)
==255==    by 0x167BF4: void testing::internal::HandleSehExceptionsInMethodIfSupported<testing::Test, void>(testing::Test*, void (testing::Test::*)(), char const*) (in /tmp/tmpi8txaue0/student/zaj8i9UniqueObjectList_and_parser/build/bin/unit_tests)
==255==    by 0x15FF88: void testing::internal::HandleExceptionsInMethodIfSupported<testing::Test, void>(testing::Test*, void (testing::Test::*)(), char const*) (in /tmp/tmpi8txaue0/student/zaj8i9UniqueObjectList_and_parser/build/bin/unit_tests)
==255==    by 0x13AC1F: testing::Test::Run() (in /tmp/tmpi8txaue0/student/zaj8i9UniqueObjectList_and_parser/build/bin/unit_tests)
==255==    by 0x13B73A: testing::TestInfo::Run() (in /tmp/tmpi8txaue0/student/zaj8i9UniqueObjectList_and_parser/build/bin/unit_tests)
==255==    by 0x13C078: testing::TestSuite::Run() (in /tmp/tmpi8txaue0/student/zaj8i9UniqueObjectList_and_parser/build/bin/unit_tests)
==255==    by 0x14C428: testing::internal::UnitTestImpl::RunAllTests() (in /tmp/tmpi8txaue0/student/zaj8i9UniqueObjectList_and_parser/build/bin/unit_tests)
==255==    by 0x168C9B: bool testing::internal::HandleSehExceptionsInMethodIfSupported<testing::internal::UnitTestImpl, bool>(testing::internal::UnitTestImpl*, bool (testing::internal::UnitTestImpl::*)(), char const*) (in /tmp/tmpi8txaue0/student/zaj8i9UniqueObjectList_and_parser/build/bin/unit_tests)
==255==    by 0x1611A8: bool testing::internal::HandleExceptionsInMethodIfSupported<testing::internal::UnitTestImpl, bool>(testing::internal::UnitTestImpl*, bool (testing::internal::UnitTestImpl::*)(), char const*) (in /tmp/tmpi8txaue0/student/zaj8i9UniqueObjectList_and_parser/build/bin/unit_tests)
==255==    by 0x14AA4A: testing::UnitTest::Run() (in /tmp/tmpi8txaue0/student/zaj8i9UniqueObjectList_and_parser/build/bin/unit_tests)
==255==    by 0x17CD82: RUN_ALL_TESTS() (in /tmp/tmpi8txaue0/student/zaj8i9UniqueObjectList_and_parser/build/bin/unit_tests)
==255==    by 0x17CCFB: main (in /tmp/tmpi8txaue0/student/zaj8i9UniqueObjectList_and_parser/build/bin/unit_tests)
==255== 
==255== Conditional jump or move depends on uninitialised value(s)
==255==    at 0x11B517: ObjectListTester_assignmentOperatorCopying_expectedNewValues_Test::TestBody() (in /tmp/tmpi8txaue0/student/zaj8i9UniqueObjectList_and_parser/build/bin/unit_tests)
==255==    by 0x167BF4: void testing::internal::HandleSehExceptionsInMethodIfSupported<testing::Test, void>(testing::Test*, void (testing::Test::*)(), char const*) (in /tmp/tmpi8txaue0/student/zaj8i9UniqueObjectList_and_parser/build/bin/unit_tests)
==255==    by 0x15FF88: void testing::internal::HandleExceptionsInMethodIfSupported<testing::Test, void>(testing::Test*, void (testing::Test::*)(), char const*) (in /tmp/tmpi8txaue0/student/zaj8i9UniqueObjectList_and_parser/build/bin/unit_tests)
==255==    by 0x13AC1F: testing::Test::Run() (in /tmp/tmpi8txaue0/student/zaj8i9UniqueObjectList_and_parser/build/bin/unit_tests)
==255==    by 0x13B73A: testing::TestInfo::Run() (in /tmp/tmpi8txaue0/student/zaj8i9UniqueObjectList_and_parser/build/bin/unit_tests)
==255==    by 0x13C078: testing::TestSuite::Run() (in /tmp/tmpi8txaue0/student/zaj8i9UniqueObjectList_and_parser/build/bin/unit_tests)
==255==    by 0x14C428: testing::internal::UnitTestImpl::RunAllTests() (in /tmp/tmpi8txaue0/student/zaj8i9UniqueObjectList_and_parser/build/bin/unit_tests)
==255==    by 0x168C9B: bool testing::internal::HandleSehExceptionsInMethodIfSupported<testing::internal::UnitTestImpl, bool>(testing::internal::UnitTestImpl*, bool (testing::internal::UnitTestImpl::*)(), char const*) (in /tmp/tmpi8txaue0/student/zaj8i9UniqueObjectList_and_parser/build/bin/unit_tests)
==255==    by 0x1611A8: bool testing::internal::HandleExceptionsInMethodIfSupported<testing::internal::UnitTestImpl, bool>(testing::internal::UnitTestImpl*, bool (testing::internal::UnitTestImpl::*)(), char const*) (in /tmp/tmpi8txaue0/student/zaj8i9UniqueObjectList_and_parser/build/bin/unit_tests)
==255==    by 0x14AA4A: testing::UnitTest::Run() (in /tmp/tmpi8txaue0/student/zaj8i9UniqueObjectList_and_parser/build/bin/unit_tests)
==255==    by 0x17CD82: RUN_ALL_TESTS() (in /tmp/tmpi8txaue0/student/zaj8i9UniqueObjectList_and_parser/build/bin/unit_tests)
==255==    by 0x17CCFB: main (in /tmp/tmpi8txaue0/student/zaj8i9UniqueObjectList_and_parser/build/bin/unit_tests)
==255== 
==255== Conditional jump or move depends on uninitialised value(s)
==255==    at 0x11E85D: ObjectList::operator=(ObjectList const&) (in /tmp/tmpi8txaue0/student/zaj8i9UniqueObjectList_and_parser/build/bin/unit_tests)
==255==    by 0x11B593: ObjectListTester_assignmentOperatorCopying_expectedNewValues_Test::TestBody() (in /tmp/tmpi8txaue0/student/zaj8i9UniqueObjectList_and_parser/build/bin/unit_tests)
==255==    by 0x167BF4: void testing::internal::HandleSehExceptionsInMethodIfSupported<testing::Test, void>(testing::Test*, void (testing::Test::*)(), char const*) (in /tmp/tmpi8txaue0/student/zaj8i9UniqueObjectList_and_parser/build/bin/unit_tests)
==255==    by 0x15FF88: void testing::internal::HandleExceptionsInMethodIfSupported<testing::Test, void>(testing::Test*, void (testing::Test::*)(), char const*) (in /tmp/tmpi8txaue0/student/zaj8i9UniqueObjectList_and_parser/build/bin/unit_tests)
==255==    by 0x13AC1F: testing::Test::Run() (in /tmp/tmpi8txaue0/student/zaj8i9UniqueObjectList_and_parser/build/bin/unit_tests)
==255==    by 0x13B73A: testing::TestInfo::Run() (in /tmp/tmpi8txaue0/student/zaj8i9UniqueObjectList_and_parser/build/bin/unit_tests)
==255==    by 0x13C078: testing::TestSuite::Run() (in /tmp/tmpi8txaue0/student/zaj8i9UniqueObjectList_and_parser/build/bin/unit_tests)
==255==    by 0x14C428: testing::internal::UnitTestImpl::RunAllTests() (in /tmp/tmpi8txaue0/student/zaj8i9UniqueObjectList_and_parser/build/bin/unit_tests)
==255==    by 0x168C9B: bool testing::internal::HandleSehExceptionsInMethodIfSupported<testing::internal::UnitTestImpl, bool>(testing::internal::UnitTestImpl*, bool (testing::internal::UnitTestImpl::*)(), char const*) (in /tmp/tmpi8txaue0/student/zaj8i9UniqueObjectList_and_parser/build/bin/unit_tests)
==255==    by 0x1611A8: bool testing::internal::HandleExceptionsInMethodIfSupported<testing::internal::UnitTestImpl, bool>(testing::internal::UnitTestImpl*, bool (testing::internal::UnitTestImpl::*)(), char const*) (in /tmp/tmpi8txaue0/student/zaj8i9UniqueObjectList_and_parser/build/bin/unit_tests)
==255==    by 0x14AA4A: testing::UnitTest::Run() (in /tmp/tmpi8txaue0/student/zaj8i9UniqueObjectList_and_parser/build/bin/unit_tests)
==255==    by 0x17CD82: RUN_ALL_TESTS() (in /tmp/tmpi8txaue0/student/zaj8i9UniqueObjectList_and_parser/build/bin/unit_tests)
==255== 
==255== Conditional jump or move depends on uninitialised value(s)
==255==    at 0x11B88A: ObjectListTester_assignmentOperatorCopying_expectedNewValues_Test::TestBody() (in /tmp/tmpi8txaue0/student/zaj8i9UniqueObjectList_and_parser/build/bin/unit_tests)
==255==    by 0x167BF4: void testing::internal::HandleSehExceptionsInMethodIfSupported<testing::Test, void>(testing::Test*, void (testing::Test::*)(), char const*) (in /tmp/tmpi8txaue0/student/zaj8i9UniqueObjectList_and_parser/build/bin/unit_tests)
==255==    by 0x15FF88: void testing::internal::HandleExceptionsInMethodIfSupported<testing::Test, void>(testing::Test*, void (testing::Test::*)(), char const*) (in /tmp/tmpi8txaue0/student/zaj8i9UniqueObjectList_and_parser/build/bin/unit_tests)
==255==    by 0x13AC1F: testing::Test::Run() (in /tmp/tmpi8txaue0/student/zaj8i9UniqueObjectList_and_parser/build/bin/unit_tests)
==255==    by 0x13B73A: testing::TestInfo::Run() (in /tmp/tmpi8txaue0/student/zaj8i9UniqueObjectList_and_parser/build/bin/unit_tests)
==255==    by 0x13C078: testing::TestSuite::Run() (in /tmp/tmpi8txaue0/student/zaj8i9UniqueObjectList_and_parser/build/bin/unit_tests)
==255==    by 0x14C428: testing::internal::UnitTestImpl::RunAllTests() (in /tmp/tmpi8txaue0/student/zaj8i9UniqueObjectList_and_parser/build/bin/unit_tests)
==255==    by 0x168C9B: bool testing::internal::HandleSehExceptionsInMethodIfSupported<testing::internal::UnitTestImpl, bool>(testing::internal::UnitTestImpl*, bool (testing::internal::UnitTestImpl::*)(), char const*) (in /tmp/tmpi8txaue0/student/zaj8i9UniqueObjectList_and_parser/build/bin/unit_tests)
==255==    by 0x1611A8: bool testing::internal::HandleExceptionsInMethodIfSupported<testing::internal::UnitTestImpl, bool>(testing::internal::UnitTestImpl*, bool (testing::internal::UnitTestImpl::*)(), char const*) (in /tmp/tmpi8txaue0/student/zaj8i9UniqueObjectList_and_parser/build/bin/unit_tests)
==255==    by 0x14AA4A: testing::UnitTest::Run() (in /tmp/tmpi8txaue0/student/zaj8i9UniqueObjectList_and_parser/build/bin/unit_tests)
==255==    by 0x17CD82: RUN_ALL_TESTS() (in /tmp/tmpi8txaue0/student/zaj8i9UniqueObjectList_and_parser/build/bin/unit_tests)
==255==    by 0x17CCFB: main (in /tmp/tmpi8txaue0/student/zaj8i9UniqueObjectList_and_parser/build/bin/unit_tests)
==255== 
[       OK ] ObjectListTester.assignmentOperatorCopying_expectedNewValues (23 ms)
[ RUN      ] ObjectListTester.assignmentOperatorMoving_expectedAllElementsMoved
==255== Conditional jump or move depends on uninitialised value(s)
==255==    at 0x11C98E: ObjectListTester_assignmentOperatorMoving_expectedAllElementsMoved_Test::TestBody() (in /tmp/tmpi8txaue0/student/zaj8i9UniqueObjectList_and_parser/build/bin/unit_tests)
==255==    by 0x167BF4: void testing::internal::HandleSehExceptionsInMethodIfSupported<testing::Test, void>(testing::Test*, void (testing::Test::*)(), char const*) (in /tmp/tmpi8txaue0/student/zaj8i9UniqueObjectList_and_parser/build/bin/unit_tests)
==255==    by 0x15FF88: void testing::internal::HandleExceptionsInMethodIfSupported<testing::Test, void>(testing::Test*, void (testing::Test::*)(), char const*) (in /tmp/tmpi8txaue0/student/zaj8i9UniqueObjectList_and_parser/build/bin/unit_tests)
==255==    by 0x13AC1F: testing::Test::Run() (in /tmp/tmpi8txaue0/student/zaj8i9UniqueObjectList_and_parser/build/bin/unit_tests)
==255==    by 0x13B73A: testing::TestInfo::Run() (in /tmp/tmpi8txaue0/student/zaj8i9UniqueObjectList_and_parser/build/bin/unit_tests)
==255==    by 0x13C078: testing::TestSuite::Run() (in /tmp/tmpi8txaue0/student/zaj8i9UniqueObjectList_and_parser/build/bin/unit_tests)
==255==    by 0x14C428: testing::internal::UnitTestImpl::RunAllTests() (in /tmp/tmpi8txaue0/student/zaj8i9UniqueObjectList_and_parser/build/bin/unit_tests)
==255==    by 0x168C9B: bool testing::internal::HandleSehExceptionsInMethodIfSupported<testing::internal::UnitTestImpl, bool>(testing::internal::UnitTestImpl*, bool (testing::internal::UnitTestImpl::*)(), char const*) (in /tmp/tmpi8txaue0/student/zaj8i9UniqueObjectList_and_parser/build/bin/unit_tests)
==255==    by 0x1611A8: bool testing::internal::HandleExceptionsInMethodIfSupported<testing::internal::UnitTestImpl, bool>(testing::internal::UnitTestImpl*, bool (testing::internal::UnitTestImpl::*)(), char const*) (in /tmp/tmpi8txaue0/student/zaj8i9UniqueObjectList_and_parser/build/bin/unit_tests)
==255==    by 0x14AA4A: testing::UnitTest::Run() (in /tmp/tmpi8txaue0/student/zaj8i9UniqueObjectList_and_parser/build/bin/unit_tests)
==255==    by 0x17CD82: RUN_ALL_TESTS() (in /tmp/tmpi8txaue0/student/zaj8i9UniqueObjectList_and_parser/build/bin/unit_tests)
==255==    by 0x17CCFB: main (in /tmp/tmpi8txaue0/student/zaj8i9UniqueObjectList_and_parser/build/bin/unit_tests)
==255== 
==255== Conditional jump or move depends on uninitialised value(s)
==255==    at 0x11CB65: ObjectListTester_assignmentOperatorMoving_expectedAllElementsMoved_Test::TestBody() (in /tmp/tmpi8txaue0/student/zaj8i9UniqueObjectList_and_parser/build/bin/unit_tests)
==255==    by 0x167BF4: void testing::internal::HandleSehExceptionsInMethodIfSupported<testing::Test, void>(testing::Test*, void (testing::Test::*)(), char const*) (in /tmp/tmpi8txaue0/student/zaj8i9UniqueObjectList_and_parser/build/bin/unit_tests)
==255==    by 0x15FF88: void testing::internal::HandleExceptionsInMethodIfSupported<testing::Test, void>(testing::Test*, void (testing::Test::*)(), char const*) (in /tmp/tmpi8txaue0/student/zaj8i9UniqueObjectList_and_parser/build/bin/unit_tests)
==255==    by 0x13AC1F: testing::Test::Run() (in /tmp/tmpi8txaue0/student/zaj8i9UniqueObjectList_and_parser/build/bin/unit_tests)
==255==    by 0x13B73A: testing::TestInfo::Run() (in /tmp/tmpi8txaue0/student/zaj8i9UniqueObjectList_and_parser/build/bin/unit_tests)
==255==    by 0x13C078: testing::TestSuite::Run() (in /tmp/tmpi8txaue0/student/zaj8i9UniqueObjectList_and_parser/build/bin/unit_tests)
==255==    by 0x14C428: testing::internal::UnitTestImpl::RunAllTests() (in /tmp/tmpi8txaue0/student/zaj8i9UniqueObjectList_and_parser/build/bin/unit_tests)
==255==    by 0x168C9B: bool testing::internal::HandleSehExceptionsInMethodIfSupported<testing::internal::UnitTestImpl, bool>(testing::internal::UnitTestImpl*, bool (testing::internal::UnitTestImpl::*)(), char const*) (in /tmp/tmpi8txaue0/student/zaj8i9UniqueObjectList_and_parser/build/bin/unit_tests)
==255==    by 0x1611A8: bool testing::internal::HandleExceptionsInMethodIfSupported<testing::internal::UnitTestImpl, bool>(testing::internal::UnitTestImpl*, bool (testing::internal::UnitTestImpl::*)(), char const*) (in /tmp/tmpi8txaue0/student/zaj8i9UniqueObjectList_and_parser/build/bin/unit_tests)
==255==    by 0x14AA4A: testing::UnitTest::Run() (in /tmp/tmpi8txaue0/student/zaj8i9UniqueObjectList_and_parser/build/bin/unit_tests)
==255==    by 0x17CD82: RUN_ALL_TESTS() (in /tmp/tmpi8txaue0/student/zaj8i9UniqueObjectList_and_parser/build/bin/unit_tests)
==255==    by 0x17CCFB: main (in /tmp/tmpi8txaue0/student/zaj8i9UniqueObjectList_and_parser/build/bin/unit_tests)
==255== 
[       OK ] ObjectListTester.assignmentOperatorMoving_expectedAllElementsMoved (12 ms)
[----------] 15 tests from ObjectListTester (197 ms total)

[----------] Global test environment tear-down
[==========] 15 tests from 1 test suite ran. (245 ms total)
[  PASSED  ] 15 tests.
==255== 
==255== HEAP SUMMARY:
==255==     in use at exit: 6,663 bytes in 176 blocks
==255==   total heap usage: 939 allocs, 763 frees, 155,735 bytes allocated
==255== 
==255== 56 (16 direct, 40 indirect) bytes in 1 blocks are definitely lost in loss record 7 of 30
==255==    at 0x4849013: operator new(unsigned long) (in /usr/libexec/valgrind/vgpreload_memcheck-amd64-linux.so)
==255==    by 0x1266A7: ObjectList::push_front(Object*) (in /tmp/tmpi8txaue0/student/zaj8i9UniqueObjectList_and_parser/build/bin/unit_tests)
==255==    by 0x115FC0: ObjectListTester_popFrontOfElements_expectedSizeDecreases_Test::TestBody() (in /tmp/tmpi8txaue0/student/zaj8i9UniqueObjectList_and_parser/build/bin/unit_tests)
==255==    by 0x167BF4: void testing::internal::HandleSehExceptionsInMethodIfSupported<testing::Test, void>(testing::Test*, void (testing::Test::*)(), char const*) (in /tmp/tmpi8txaue0/student/zaj8i9UniqueObjectList_and_parser/build/bin/unit_tests)
==255==    by 0x15FF88: void testing::internal::HandleExceptionsInMethodIfSupported<testing::Test, void>(testing::Test*, void (testing::Test::*)(), char const*) (in /tmp/tmpi8txaue0/student/zaj8i9UniqueObjectList_and_parser/build/bin/unit_tests)
==255==    by 0x13AC1F: testing::Test::Run() (in /tmp/tmpi8txaue0/student/zaj8i9UniqueObjectList_and_parser/build/bin/unit_tests)
==255==    by 0x13B73A: testing::TestInfo::Run() (in /tmp/tmpi8txaue0/student/zaj8i9UniqueObjectList_and_parser/build/bin/unit_tests)
==255==    by 0x13C078: testing::TestSuite::Run() (in /tmp/tmpi8txaue0/student/zaj8i9UniqueObjectList_and_parser/build/bin/unit_tests)
==255==    by 0x14C428: testing::internal::UnitTestImpl::RunAllTests() (in /tmp/tmpi8txaue0/student/zaj8i9UniqueObjectList_and_parser/build/bin/unit_tests)
==255==    by 0x168C9B: bool testing::internal::HandleSehExceptionsInMethodIfSupported<testing::internal::UnitTestImpl, bool>(testing::internal::UnitTestImpl*, bool (testing::internal::UnitTestImpl::*)(), char const*) (in /tmp/tmpi8txaue0/student/zaj8i9UniqueObjectList_and_parser/build/bin/unit_tests)
==255==    by 0x1611A8: bool testing::internal::HandleExceptionsInMethodIfSupported<testing::internal::UnitTestImpl, bool>(testing::internal::UnitTestImpl*, bool (testing::internal::UnitTestImpl::*)(), char const*) (in /tmp/tmpi8txaue0/student/zaj8i9UniqueObjectList_and_parser/build/bin/unit_tests)
==255==    by 0x14AA4A: testing::UnitTest::Run() (in /tmp/tmpi8txaue0/student/zaj8i9UniqueObjectList_and_parser/build/bin/unit_tests)
==255== 
==255== 56 (16 direct, 40 indirect) bytes in 1 blocks are definitely lost in loss record 8 of 30
==255==    at 0x4849013: operator new(unsigned long) (in /usr/libexec/valgrind/vgpreload_memcheck-amd64-linux.so)
==255==    by 0x1266A7: ObjectList::push_front(Object*) (in /tmp/tmpi8txaue0/student/zaj8i9UniqueObjectList_and_parser/build/bin/unit_tests)
==255==    by 0x116922: ObjectListTester_frontOfLists_expectedCorrectFirstElementReturned_Test::TestBody() (in /tmp/tmpi8txaue0/student/zaj8i9UniqueObjectList_and_parser/build/bin/unit_tests)
==255==    by 0x167BF4: void testing::internal::HandleSehExceptionsInMethodIfSupported<testing::Test, void>(testing::Test*, void (testing::Test::*)(), char const*) (in /tmp/tmpi8txaue0/student/zaj8i9UniqueObjectList_and_parser/build/bin/unit_tests)
==255==    by 0x15FF88: void testing::internal::HandleExceptionsInMethodIfSupported<testing::Test, void>(testing::Test*, void (testing::Test::*)(), char const*) (in /tmp/tmpi8txaue0/student/zaj8i9UniqueObjectList_and_parser/build/bin/unit_tests)
==255==    by 0x13AC1F: testing::Test::Run() (in /tmp/tmpi8txaue0/student/zaj8i9UniqueObjectList_and_parser/build/bin/unit_tests)
==255==    by 0x13B73A: testing::TestInfo::Run() (in /tmp/tmpi8txaue0/student/zaj8i9UniqueObjectList_and_parser/build/bin/unit_tests)
==255==    by 0x13C078: testing::TestSuite::Run() (in /tmp/tmpi8txaue0/student/zaj8i9UniqueObjectList_and_parser/build/bin/unit_tests)
==255==    by 0x14C428: testing::internal::UnitTestImpl::RunAllTests() (in /tmp/tmpi8txaue0/student/zaj8i9UniqueObjectList_and_parser/build/bin/unit_tests)
==255==    by 0x168C9B: bool testing::internal::HandleSehExceptionsInMethodIfSupported<testing::internal::UnitTestImpl, bool>(testing::internal::UnitTestImpl*, bool (testing::internal::UnitTestImpl::*)(), char const*) (in /tmp/tmpi8txaue0/student/zaj8i9UniqueObjectList_and_parser/build/bin/unit_tests)
==255==    by 0x1611A8: bool testing::internal::HandleExceptionsInMethodIfSupported<testing::internal::UnitTestImpl, bool>(testing::internal::UnitTestImpl*, bool (testing::internal::UnitTestImpl::*)(), char const*) (in /tmp/tmpi8txaue0/student/zaj8i9UniqueObjectList_and_parser/build/bin/unit_tests)
==255==    by 0x14AA4A: testing::UnitTest::Run() (in /tmp/tmpi8txaue0/student/zaj8i9UniqueObjectList_and_parser/build/bin/unit_tests)
==255== 
==255== 56 (16 direct, 40 indirect) bytes in 1 blocks are definitely lost in loss record 9 of 30
==255==    at 0x4849013: operator new(unsigned long) (in /usr/libexec/valgrind/vgpreload_memcheck-amd64-linux.so)
==255==    by 0x1266A7: ObjectList::push_front(Object*) (in /tmp/tmpi8txaue0/student/zaj8i9UniqueObjectList_and_parser/build/bin/unit_tests)
==255==    by 0x117324: ObjectListTester_clear_expectedAllElementsRemoved_Test::TestBody() (in /tmp/tmpi8txaue0/student/zaj8i9UniqueObjectList_and_parser/build/bin/unit_tests)
==255==    by 0x167BF4: void testing::internal::HandleSehExceptionsInMethodIfSupported<testing::Test, void>(testing::Test*, void (testing::Test::*)(), char const*) (in /tmp/tmpi8txaue0/student/zaj8i9UniqueObjectList_and_parser/build/bin/unit_tests)
==255==    by 0x15FF88: void testing::internal::HandleExceptionsInMethodIfSupported<testing::Test, void>(testing::Test*, void (testing::Test::*)(), char const*) (in /tmp/tmpi8txaue0/student/zaj8i9UniqueObjectList_and_parser/build/bin/unit_tests)
==255==    by 0x13AC1F: testing::Test::Run() (in /tmp/tmpi8txaue0/student/zaj8i9UniqueObjectList_and_parser/build/bin/unit_tests)
==255==    by 0x13B73A: testing::TestInfo::Run() (in /tmp/tmpi8txaue0/student/zaj8i9UniqueObjectList_and_parser/build/bin/unit_tests)
==255==    by 0x13C078: testing::TestSuite::Run() (in /tmp/tmpi8txaue0/student/zaj8i9UniqueObjectList_and_parser/build/bin/unit_tests)
==255==    by 0x14C428: testing::internal::UnitTestImpl::RunAllTests() (in /tmp/tmpi8txaue0/student/zaj8i9UniqueObjectList_and_parser/build/bin/unit_tests)
==255==    by 0x168C9B: bool testing::internal::HandleSehExceptionsInMethodIfSupported<testing::internal::UnitTestImpl, bool>(testing::internal::UnitTestImpl*, bool (testing::internal::UnitTestImpl::*)(), char const*) (in /tmp/tmpi8txaue0/student/zaj8i9UniqueObjectList_and_parser/build/bin/unit_tests)
==255==    by 0x1611A8: bool testing::internal::HandleExceptionsInMethodIfSupported<testing::internal::UnitTestImpl, bool>(testing::internal::UnitTestImpl*, bool (testing::internal::UnitTestImpl::*)(), char const*) (in /tmp/tmpi8txaue0/student/zaj8i9UniqueObjectList_and_parser/build/bin/unit_tests)
==255==    by 0x14AA4A: testing::UnitTest::Run() (in /tmp/tmpi8txaue0/student/zaj8i9UniqueObjectList_and_parser/build/bin/unit_tests)
==255== 
==255== 56 (16 direct, 40 indirect) bytes in 1 blocks are definitely lost in loss record 10 of 30
==255==    at 0x4849013: operator new(unsigned long) (in /usr/libexec/valgrind/vgpreload_memcheck-amd64-linux.so)
==255==    by 0x1266A7: ObjectList::push_front(Object*) (in /tmp/tmpi8txaue0/student/zaj8i9UniqueObjectList_and_parser/build/bin/unit_tests)
==255==    by 0x117C22: ObjectListTester_reverse_expectedAllElementsReversed_Test::TestBody() (in /tmp/tmpi8txaue0/student/zaj8i9UniqueObjectList_and_parser/build/bin/unit_tests)
==255==    by 0x167BF4: void testing::internal::HandleSehExceptionsInMethodIfSupported<testing::Test, void>(testing::Test*, void (testing::Test::*)(), char const*) (in /tmp/tmpi8txaue0/student/zaj8i9UniqueObjectList_and_parser/build/bin/unit_tests)
==255==    by 0x15FF88: void testing::internal::HandleExceptionsInMethodIfSupported<testing::Test, void>(testing::Test*, void (testing::Test::*)(), char const*) (in /tmp/tmpi8txaue0/student/zaj8i9UniqueObjectList_and_parser/build/bin/unit_tests)
==255==    by 0x13AC1F: testing::Test::Run() (in /tmp/tmpi8txaue0/student/zaj8i9UniqueObjectList_and_parser/build/bin/unit_tests)
==255==    by 0x13B73A: testing::TestInfo::Run() (in /tmp/tmpi8txaue0/student/zaj8i9UniqueObjectList_and_parser/build/bin/unit_tests)
==255==    by 0x13C078: testing::TestSuite::Run() (in /tmp/tmpi8txaue0/student/zaj8i9UniqueObjectList_and_parser/build/bin/unit_tests)
==255==    by 0x14C428: testing::internal::UnitTestImpl::RunAllTests() (in /tmp/tmpi8txaue0/student/zaj8i9UniqueObjectList_and_parser/build/bin/unit_tests)
==255==    by 0x168C9B: bool testing::internal::HandleSehExceptionsInMethodIfSupported<testing::internal::UnitTestImpl, bool>(testing::internal::UnitTestImpl*, bool (testing::internal::UnitTestImpl::*)(), char const*) (in /tmp/tmpi8txaue0/student/zaj8i9UniqueObjectList_and_parser/build/bin/unit_tests)
==255==    by 0x1611A8: bool testing::internal::HandleExceptionsInMethodIfSupported<testing::internal::UnitTestImpl, bool>(testing::internal::UnitTestImpl*, bool (testing::internal::UnitTestImpl::*)(), char const*) (in /tmp/tmpi8txaue0/student/zaj8i9UniqueObjectList_and_parser/build/bin/unit_tests)
==255==    by 0x14AA4A: testing::UnitTest::Run() (in /tmp/tmpi8txaue0/student/zaj8i9UniqueObjectList_and_parser/build/bin/unit_tests)
==255== 
==255== 56 (16 direct, 40 indirect) bytes in 1 blocks are definitely lost in loss record 11 of 30
==255==    at 0x4849013: operator new(unsigned long) (in /usr/libexec/valgrind/vgpreload_memcheck-amd64-linux.so)
==255==    by 0x1266A7: ObjectList::push_front(Object*) (in /tmp/tmpi8txaue0/student/zaj8i9UniqueObjectList_and_parser/build/bin/unit_tests)
==255==    by 0x11A8E8: ObjectListTester_assignmentOperatorCopying_expectedNewValues_Test::TestBody() (in /tmp/tmpi8txaue0/student/zaj8i9UniqueObjectList_and_parser/build/bin/unit_tests)
==255==    by 0x167BF4: void testing::internal::HandleSehExceptionsInMethodIfSupported<testing::Test, void>(testing::Test*, void (testing::Test::*)(), char const*) (in /tmp/tmpi8txaue0/student/zaj8i9UniqueObjectList_and_parser/build/bin/unit_tests)
==255==    by 0x15FF88: void testing::internal::HandleExceptionsInMethodIfSupported<testing::Test, void>(testing::Test*, void (testing::Test::*)(), char const*) (in /tmp/tmpi8txaue0/student/zaj8i9UniqueObjectList_and_parser/build/bin/unit_tests)
==255==    by 0x13AC1F: testing::Test::Run() (in /tmp/tmpi8txaue0/student/zaj8i9UniqueObjectList_and_parser/build/bin/unit_tests)
==255==    by 0x13B73A: testing::TestInfo::Run() (in /tmp/tmpi8txaue0/student/zaj8i9UniqueObjectList_and_parser/build/bin/unit_tests)
==255==    by 0x13C078: testing::TestSuite::Run() (in /tmp/tmpi8txaue0/student/zaj8i9UniqueObjectList_and_parser/build/bin/unit_tests)
==255==    by 0x14C428: testing::internal::UnitTestImpl::RunAllTests() (in /tmp/tmpi8txaue0/student/zaj8i9UniqueObjectList_and_parser/build/bin/unit_tests)
==255==    by 0x168C9B: bool testing::internal::HandleSehExceptionsInMethodIfSupported<testing::internal::UnitTestImpl, bool>(testing::internal::UnitTestImpl*, bool (testing::internal::UnitTestImpl::*)(), char const*) (in /tmp/tmpi8txaue0/student/zaj8i9UniqueObjectList_and_parser/build/bin/unit_tests)
==255==    by 0x1611A8: bool testing::internal::HandleExceptionsInMethodIfSupported<testing::internal::UnitTestImpl, bool>(testing::internal::UnitTestImpl*, bool (testing::internal::UnitTestImpl::*)(), char const*) (in /tmp/tmpi8txaue0/student/zaj8i9UniqueObjectList_and_parser/build/bin/unit_tests)
==255==    by 0x14AA4A: testing::UnitTest::Run() (in /tmp/tmpi8txaue0/student/zaj8i9UniqueObjectList_and_parser/build/bin/unit_tests)
==255== 
==255== 56 (16 direct, 40 indirect) bytes in 1 blocks are definitely lost in loss record 12 of 30
==255==    at 0x4849013: operator new(unsigned long) (in /usr/libexec/valgrind/vgpreload_memcheck-amd64-linux.so)
==255==    by 0x1266A7: ObjectList::push_front(Object*) (in /tmp/tmpi8txaue0/student/zaj8i9UniqueObjectList_and_parser/build/bin/unit_tests)
==255==    by 0x11C25D: ObjectListTester_assignmentOperatorMoving_expectedAllElementsMoved_Test::TestBody() (in /tmp/tmpi8txaue0/student/zaj8i9UniqueObjectList_and_parser/build/bin/unit_tests)
==255==    by 0x167BF4: void testing::internal::HandleSehExceptionsInMethodIfSupported<testing::Test, void>(testing::Test*, void (testing::Test::*)(), char const*) (in /tmp/tmpi8txaue0/student/zaj8i9UniqueObjectList_and_parser/build/bin/unit_tests)
==255==    by 0x15FF88: void testing::internal::HandleExceptionsInMethodIfSupported<testing::Test, void>(testing::Test*, void (testing::Test::*)(), char const*) (in /tmp/tmpi8txaue0/student/zaj8i9UniqueObjectList_and_parser/build/bin/unit_tests)
==255==    by 0x13AC1F: testing::Test::Run() (in /tmp/tmpi8txaue0/student/zaj8i9UniqueObjectList_and_parser/build/bin/unit_tests)
==255==    by 0x13B73A: testing::TestInfo::Run() (in /tmp/tmpi8txaue0/student/zaj8i9UniqueObjectList_and_parser/build/bin/unit_tests)
==255==    by 0x13C078: testing::TestSuite::Run() (in /tmp/tmpi8txaue0/student/zaj8i9UniqueObjectList_and_parser/build/bin/unit_tests)
==255==    by 0x14C428: testing::internal::UnitTestImpl::RunAllTests() (in /tmp/tmpi8txaue0/student/zaj8i9UniqueObjectList_and_parser/build/bin/unit_tests)
==255==    by 0x168C9B: bool testing::internal::HandleSehExceptionsInMethodIfSupported<testing::internal::UnitTestImpl, bool>(testing::internal::UnitTestImpl*, bool (testing::internal::UnitTestImpl::*)(), char const*) (in /tmp/tmpi8txaue0/student/zaj8i9UniqueObjectList_and_parser/build/bin/unit_tests)
==255==    by 0x1611A8: bool testing::internal::HandleExceptionsInMethodIfSupported<testing::internal::UnitTestImpl, bool>(testing::internal::UnitTestImpl*, bool (testing::internal::UnitTestImpl::*)(), char const*) (in /tmp/tmpi8txaue0/student/zaj8i9UniqueObjectList_and_parser/build/bin/unit_tests)
==255==    by 0x14AA4A: testing::UnitTest::Run() (in /tmp/tmpi8txaue0/student/zaj8i9UniqueObjectList_and_parser/build/bin/unit_tests)
==255== 
==255== 80 bytes in 2 blocks are definitely lost in loss record 13 of 30
==255==    at 0x4849013: operator new(unsigned long) (in /usr/libexec/valgrind/vgpreload_memcheck-amd64-linux.so)
==255==    by 0x11A896: ObjectListTester_assignmentOperatorCopying_expectedNewValues_Test::TestBody() (in /tmp/tmpi8txaue0/student/zaj8i9UniqueObjectList_and_parser/build/bin/unit_tests)
==255==    by 0x167BF4: void testing::internal::HandleSehExceptionsInMethodIfSupported<testing::Test, void>(testing::Test*, void (testing::Test::*)(), char const*) (in /tmp/tmpi8txaue0/student/zaj8i9UniqueObjectList_and_parser/build/bin/unit_tests)
==255==    by 0x15FF88: void testing::internal::HandleExceptionsInMethodIfSupported<testing::Test, void>(testing::Test*, void (testing::Test::*)(), char const*) (in /tmp/tmpi8txaue0/student/zaj8i9UniqueObjectList_and_parser/build/bin/unit_tests)
==255==    by 0x13AC1F: testing::Test::Run() (in /tmp/tmpi8txaue0/student/zaj8i9UniqueObjectList_and_parser/build/bin/unit_tests)
==255==    by 0x13B73A: testing::TestInfo::Run() (in /tmp/tmpi8txaue0/student/zaj8i9UniqueObjectList_and_parser/build/bin/unit_tests)
==255==    by 0x13C078: testing::TestSuite::Run() (in /tmp/tmpi8txaue0/student/zaj8i9UniqueObjectList_and_parser/build/bin/unit_tests)
==255==    by 0x14C428: testing::internal::UnitTestImpl::RunAllTests() (in /tmp/tmpi8txaue0/student/zaj8i9UniqueObjectList_and_parser/build/bin/unit_tests)
==255==    by 0x168C9B: bool testing::internal::HandleSehExceptionsInMethodIfSupported<testing::internal::UnitTestImpl, bool>(testing::internal::UnitTestImpl*, bool (testing::internal::UnitTestImpl::*)(), char const*) (in /tmp/tmpi8txaue0/student/zaj8i9UniqueObjectList_and_parser/build/bin/unit_tests)
==255==    by 0x1611A8: bool testing::internal::HandleExceptionsInMethodIfSupported<testing::internal::UnitTestImpl, bool>(testing::internal::UnitTestImpl*, bool (testing::internal::UnitTestImpl::*)(), char const*) (in /tmp/tmpi8txaue0/student/zaj8i9UniqueObjectList_and_parser/build/bin/unit_tests)
==255==    by 0x14AA4A: testing::UnitTest::Run() (in /tmp/tmpi8txaue0/student/zaj8i9UniqueObjectList_and_parser/build/bin/unit_tests)
==255==    by 0x17CD82: RUN_ALL_TESTS() (in /tmp/tmpi8txaue0/student/zaj8i9UniqueObjectList_and_parser/build/bin/unit_tests)
==255== 
==255== 160 bytes in 10 blocks are definitely lost in loss record 14 of 30
==255==    at 0x4849013: operator new(unsigned long) (in /usr/libexec/valgrind/vgpreload_memcheck-amd64-linux.so)
==255==    by 0x1266A7: ObjectList::push_front(Object*) (in /tmp/tmpi8txaue0/student/zaj8i9UniqueObjectList_and_parser/build/bin/unit_tests)
==255==    by 0x115BB4: ObjectListTester_pushFrontOfDuplicatedElements_expectedSizeIncreasesOnlyWhenUniqueElementAdded_Test::TestBody() (in /tmp/tmpi8txaue0/student/zaj8i9UniqueObjectList_and_parser/build/bin/unit_tests)
==255==    by 0x167BF4: void testing::internal::HandleSehExceptionsInMethodIfSupported<testing::Test, void>(testing::Test*, void (testing::Test::*)(), char const*) (in /tmp/tmpi8txaue0/student/zaj8i9UniqueObjectList_and_parser/build/bin/unit_tests)
==255==    by 0x15FF88: void testing::internal::HandleExceptionsInMethodIfSupported<testing::Test, void>(testing::Test*, void (testing::Test::*)(), char const*) (in /tmp/tmpi8txaue0/student/zaj8i9UniqueObjectList_and_parser/build/bin/unit_tests)
==255==    by 0x13AC1F: testing::Test::Run() (in /tmp/tmpi8txaue0/student/zaj8i9UniqueObjectList_and_parser/build/bin/unit_tests)
==255==    by 0x13B73A: testing::TestInfo::Run() (in /tmp/tmpi8txaue0/student/zaj8i9UniqueObjectList_and_parser/build/bin/unit_tests)
==255==    by 0x13C078: testing::TestSuite::Run() (in /tmp/tmpi8txaue0/student/zaj8i9UniqueObjectList_and_parser/build/bin/unit_tests)
==255==    by 0x14C428: testing::internal::UnitTestImpl::RunAllTests() (in /tmp/tmpi8txaue0/student/zaj8i9UniqueObjectList_and_parser/build/bin/unit_tests)
==255==    by 0x168C9B: bool testing::internal::HandleSehExceptionsInMethodIfSupported<testing::internal::UnitTestImpl, bool>(testing::internal::UnitTestImpl*, bool (testing::internal::UnitTestImpl::*)(), char const*) (in /tmp/tmpi8txaue0/student/zaj8i9UniqueObjectList_and_parser/build/bin/unit_tests)
==255==    by 0x1611A8: bool testing::internal::HandleExceptionsInMethodIfSupported<testing::internal::UnitTestImpl, bool>(testing::internal::UnitTestImpl*, bool (testing::internal::UnitTestImpl::*)(), char const*) (in /tmp/tmpi8txaue0/student/zaj8i9UniqueObjectList_and_parser/build/bin/unit_tests)
==255==    by 0x14AA4A: testing::UnitTest::Run() (in /tmp/tmpi8txaue0/student/zaj8i9UniqueObjectList_and_parser/build/bin/unit_tests)
==255== 
==255== 360 bytes in 9 blocks are definitely lost in loss record 16 of 30
==255==    at 0x4849013: operator new(unsigned long) (in /usr/libexec/valgrind/vgpreload_memcheck-amd64-linux.so)
==255==    by 0x115FA3: ObjectListTester_popFrontOfElements_expectedSizeDecreases_Test::TestBody() (in /tmp/tmpi8txaue0/student/zaj8i9UniqueObjectList_and_parser/build/bin/unit_tests)
==255==    by 0x167BF4: void testing::internal::HandleSehExceptionsInMethodIfSupported<testing::Test, void>(testing::Test*, void (testing::Test::*)(), char const*) (in /tmp/tmpi8txaue0/student/zaj8i9UniqueObjectList_and_parser/build/bin/unit_tests)
==255==    by 0x15FF88: void testing::internal::HandleExceptionsInMethodIfSupported<testing::Test, void>(testing::Test*, void (testing::Test::*)(), char const*) (in /tmp/tmpi8txaue0/student/zaj8i9UniqueObjectList_and_parser/build/bin/unit_tests)
==255==    by 0x13AC1F: testing::Test::Run() (in /tmp/tmpi8txaue0/student/zaj8i9UniqueObjectList_and_parser/build/bin/unit_tests)
==255==    by 0x13B73A: testing::TestInfo::Run() (in /tmp/tmpi8txaue0/student/zaj8i9UniqueObjectList_and_parser/build/bin/unit_tests)
==255==    by 0x13C078: testing::TestSuite::Run() (in /tmp/tmpi8txaue0/student/zaj8i9UniqueObjectList_and_parser/build/bin/unit_tests)
==255==    by 0x14C428: testing::internal::UnitTestImpl::RunAllTests() (in /tmp/tmpi8txaue0/student/zaj8i9UniqueObjectList_and_parser/build/bin/unit_tests)
==255==    by 0x168C9B: bool testing::internal::HandleSehExceptionsInMethodIfSupported<testing::internal::UnitTestImpl, bool>(testing::internal::UnitTestImpl*, bool (testing::internal::UnitTestImpl::*)(), char const*) (in /tmp/tmpi8txaue0/student/zaj8i9UniqueObjectList_and_parser/build/bin/unit_tests)
==255==    by 0x1611A8: bool testing::internal::HandleExceptionsInMethodIfSupported<testing::internal::UnitTestImpl, bool>(testing::internal::UnitTestImpl*, bool (testing::internal::UnitTestImpl::*)(), char const*) (in /tmp/tmpi8txaue0/student/zaj8i9UniqueObjectList_and_parser/build/bin/unit_tests)
==255==    by 0x14AA4A: testing::UnitTest::Run() (in /tmp/tmpi8txaue0/student/zaj8i9UniqueObjectList_and_parser/build/bin/unit_tests)
==255==    by 0x17CD82: RUN_ALL_TESTS() (in /tmp/tmpi8txaue0/student/zaj8i9UniqueObjectList_and_parser/build/bin/unit_tests)
==255== 
==255== 360 bytes in 9 blocks are definitely lost in loss record 17 of 30
==255==    at 0x4849013: operator new(unsigned long) (in /usr/libexec/valgrind/vgpreload_memcheck-amd64-linux.so)
==255==    by 0x1168D0: ObjectListTester_frontOfLists_expectedCorrectFirstElementReturned_Test::TestBody() (in /tmp/tmpi8txaue0/student/zaj8i9UniqueObjectList_and_parser/build/bin/unit_tests)
==255==    by 0x167BF4: void testing::internal::HandleSehExceptionsInMethodIfSupported<testing::Test, void>(testing::Test*, void (testing::Test::*)(), char const*) (in /tmp/tmpi8txaue0/student/zaj8i9UniqueObjectList_and_parser/build/bin/unit_tests)
==255==    by 0x15FF88: void testing::internal::HandleExceptionsInMethodIfSupported<testing::Test, void>(testing::Test*, void (testing::Test::*)(), char const*) (in /tmp/tmpi8txaue0/student/zaj8i9UniqueObjectList_and_parser/build/bin/unit_tests)
==255==    by 0x13AC1F: testing::Test::Run() (in /tmp/tmpi8txaue0/student/zaj8i9UniqueObjectList_and_parser/build/bin/unit_tests)
==255==    by 0x13B73A: testing::TestInfo::Run() (in /tmp/tmpi8txaue0/student/zaj8i9UniqueObjectList_and_parser/build/bin/unit_tests)
==255==    by 0x13C078: testing::TestSuite::Run() (in /tmp/tmpi8txaue0/student/zaj8i9UniqueObjectList_and_parser/build/bin/unit_tests)
==255==    by 0x14C428: testing::internal::UnitTestImpl::RunAllTests() (in /tmp/tmpi8txaue0/student/zaj8i9UniqueObjectList_and_parser/build/bin/unit_tests)
==255==    by 0x168C9B: bool testing::internal::HandleSehExceptionsInMethodIfSupported<testing::internal::UnitTestImpl, bool>(testing::internal::UnitTestImpl*, bool (testing::internal::UnitTestImpl::*)(), char const*) (in /tmp/tmpi8txaue0/student/zaj8i9UniqueObjectList_and_parser/build/bin/unit_tests)
==255==    by 0x1611A8: bool testing::internal::HandleExceptionsInMethodIfSupported<testing::internal::UnitTestImpl, bool>(testing::internal::UnitTestImpl*, bool (testing::internal::UnitTestImpl::*)(), char const*) (in /tmp/tmpi8txaue0/student/zaj8i9UniqueObjectList_and_parser/build/bin/unit_tests)
==255==    by 0x14AA4A: testing::UnitTest::Run() (in /tmp/tmpi8txaue0/student/zaj8i9UniqueObjectList_and_parser/build/bin/unit_tests)
==255==    by 0x17CD82: RUN_ALL_TESTS() (in /tmp/tmpi8txaue0/student/zaj8i9UniqueObjectList_and_parser/build/bin/unit_tests)
==255== 
==255== 360 bytes in 9 blocks are definitely lost in loss record 18 of 30
==255==    at 0x4849013: operator new(unsigned long) (in /usr/libexec/valgrind/vgpreload_memcheck-amd64-linux.so)
==255==    by 0x117304: ObjectListTester_clear_expectedAllElementsRemoved_Test::TestBody() (in /tmp/tmpi8txaue0/student/zaj8i9UniqueObjectList_and_parser/build/bin/unit_tests)
==255==    by 0x167BF4: void testing::internal::HandleSehExceptionsInMethodIfSupported<testing::Test, void>(testing::Test*, void (testing::Test::*)(), char const*) (in /tmp/tmpi8txaue0/student/zaj8i9UniqueObjectList_and_parser/build/bin/unit_tests)
==255==    by 0x15FF88: void testing::internal::HandleExceptionsInMethodIfSupported<testing::Test, void>(testing::Test*, void (testing::Test::*)(), char const*) (in /tmp/tmpi8txaue0/student/zaj8i9UniqueObjectList_and_parser/build/bin/unit_tests)
==255==    by 0x13AC1F: testing::Test::Run() (in /tmp/tmpi8txaue0/student/zaj8i9UniqueObjectList_and_parser/build/bin/unit_tests)
==255==    by 0x13B73A: testing::TestInfo::Run() (in /tmp/tmpi8txaue0/student/zaj8i9UniqueObjectList_and_parser/build/bin/unit_tests)
==255==    by 0x13C078: testing::TestSuite::Run() (in /tmp/tmpi8txaue0/student/zaj8i9UniqueObjectList_and_parser/build/bin/unit_tests)
==255==    by 0x14C428: testing::internal::UnitTestImpl::RunAllTests() (in /tmp/tmpi8txaue0/student/zaj8i9UniqueObjectList_and_parser/build/bin/unit_tests)
==255==    by 0x168C9B: bool testing::internal::HandleSehExceptionsInMethodIfSupported<testing::internal::UnitTestImpl, bool>(testing::internal::UnitTestImpl*, bool (testing::internal::UnitTestImpl::*)(), char const*) (in /tmp/tmpi8txaue0/student/zaj8i9UniqueObjectList_and_parser/build/bin/unit_tests)
==255==    by 0x1611A8: bool testing::internal::HandleExceptionsInMethodIfSupported<testing::internal::UnitTestImpl, bool>(testing::internal::UnitTestImpl*, bool (testing::internal::UnitTestImpl::*)(), char const*) (in /tmp/tmpi8txaue0/student/zaj8i9UniqueObjectList_and_parser/build/bin/unit_tests)
==255==    by 0x14AA4A: testing::UnitTest::Run() (in /tmp/tmpi8txaue0/student/zaj8i9UniqueObjectList_and_parser/build/bin/unit_tests)
==255==    by 0x17CD82: RUN_ALL_TESTS() (in /tmp/tmpi8txaue0/student/zaj8i9UniqueObjectList_and_parser/build/bin/unit_tests)
==255== 
==255== 360 bytes in 9 blocks are definitely lost in loss record 19 of 30
==255==    at 0x4849013: operator new(unsigned long) (in /usr/libexec/valgrind/vgpreload_memcheck-amd64-linux.so)
==255==    by 0x117BD0: ObjectListTester_reverse_expectedAllElementsReversed_Test::TestBody() (in /tmp/tmpi8txaue0/student/zaj8i9UniqueObjectList_and_parser/build/bin/unit_tests)
==255==    by 0x167BF4: void testing::internal::HandleSehExceptionsInMethodIfSupported<testing::Test, void>(testing::Test*, void (testing::Test::*)(), char const*) (in /tmp/tmpi8txaue0/student/zaj8i9UniqueObjectList_and_parser/build/bin/unit_tests)
==255==    by 0x15FF88: void testing::internal::HandleExceptionsInMethodIfSupported<testing::Test, void>(testing::Test*, void (testing::Test::*)(), char const*) (in /tmp/tmpi8txaue0/student/zaj8i9UniqueObjectList_and_parser/build/bin/unit_tests)
==255==    by 0x13AC1F: testing::Test::Run() (in /tmp/tmpi8txaue0/student/zaj8i9UniqueObjectList_and_parser/build/bin/unit_tests)
==255==    by 0x13B73A: testing::TestInfo::Run() (in /tmp/tmpi8txaue0/student/zaj8i9UniqueObjectList_and_parser/build/bin/unit_tests)
==255==    by 0x13C078: testing::TestSuite::Run() (in /tmp/tmpi8txaue0/student/zaj8i9UniqueObjectList_and_parser/build/bin/unit_tests)
==255==    by 0x14C428: testing::internal::UnitTestImpl::RunAllTests() (in /tmp/tmpi8txaue0/student/zaj8i9UniqueObjectList_and_parser/build/bin/unit_tests)
==255==    by 0x168C9B: bool testing::internal::HandleSehExceptionsInMethodIfSupported<testing::internal::UnitTestImpl, bool>(testing::internal::UnitTestImpl*, bool (testing::internal::UnitTestImpl::*)(), char const*) (in /tmp/tmpi8txaue0/student/zaj8i9UniqueObjectList_and_parser/build/bin/unit_tests)
==255==    by 0x1611A8: bool testing::internal::HandleExceptionsInMethodIfSupported<testing::internal::UnitTestImpl, bool>(testing::internal::UnitTestImpl*, bool (testing::internal::UnitTestImpl::*)(), char const*) (in /tmp/tmpi8txaue0/student/zaj8i9UniqueObjectList_and_parser/build/bin/unit_tests)
==255==    by 0x14AA4A: testing::UnitTest::Run() (in /tmp/tmpi8txaue0/student/zaj8i9UniqueObjectList_and_parser/build/bin/unit_tests)
==255==    by 0x17CD82: RUN_ALL_TESTS() (in /tmp/tmpi8txaue0/student/zaj8i9UniqueObjectList_and_parser/build/bin/unit_tests)
==255== 
==255== 360 bytes in 9 blocks are definitely lost in loss record 20 of 30
==255==    at 0x4849013: operator new(unsigned long) (in /usr/libexec/valgrind/vgpreload_memcheck-amd64-linux.so)
==255==    by 0x11C20B: ObjectListTester_assignmentOperatorMoving_expectedAllElementsMoved_Test::TestBody() (in /tmp/tmpi8txaue0/student/zaj8i9UniqueObjectList_and_parser/build/bin/unit_tests)
==255==    by 0x167BF4: void testing::internal::HandleSehExceptionsInMethodIfSupported<testing::Test, void>(testing::Test*, void (testing::Test::*)(), char const*) (in /tmp/tmpi8txaue0/student/zaj8i9UniqueObjectList_and_parser/build/bin/unit_tests)
==255==    by 0x15FF88: void testing::internal::HandleExceptionsInMethodIfSupported<testing::Test, void>(testing::Test*, void (testing::Test::*)(), char const*) (in /tmp/tmpi8txaue0/student/zaj8i9UniqueObjectList_and_parser/build/bin/unit_tests)
==255==    by 0x13AC1F: testing::Test::Run() (in /tmp/tmpi8txaue0/student/zaj8i9UniqueObjectList_and_parser/build/bin/unit_tests)
==255==    by 0x13B73A: testing::TestInfo::Run() (in /tmp/tmpi8txaue0/student/zaj8i9UniqueObjectList_and_parser/build/bin/unit_tests)
==255==    by 0x13C078: testing::TestSuite::Run() (in /tmp/tmpi8txaue0/student/zaj8i9UniqueObjectList_and_parser/build/bin/unit_tests)
==255==    by 0x14C428: testing::internal::UnitTestImpl::RunAllTests() (in /tmp/tmpi8txaue0/student/zaj8i9UniqueObjectList_and_parser/build/bin/unit_tests)
==255==    by 0x168C9B: bool testing::internal::HandleSehExceptionsInMethodIfSupported<testing::internal::UnitTestImpl, bool>(testing::internal::UnitTestImpl*, bool (testing::internal::UnitTestImpl::*)(), char const*) (in /tmp/tmpi8txaue0/student/zaj8i9UniqueObjectList_and_parser/build/bin/unit_tests)
==255==    by 0x1611A8: bool testing::internal::HandleExceptionsInMethodIfSupported<testing::internal::UnitTestImpl, bool>(testing::internal::UnitTestImpl*, bool (testing::internal::UnitTestImpl::*)(), char const*) (in /tmp/tmpi8txaue0/student/zaj8i9UniqueObjectList_and_parser/build/bin/unit_tests)
==255==    by 0x14AA4A: testing::UnitTest::Run() (in /tmp/tmpi8txaue0/student/zaj8i9UniqueObjectList_and_parser/build/bin/unit_tests)
==255==    by 0x17CD82: RUN_ALL_TESTS() (in /tmp/tmpi8txaue0/student/zaj8i9UniqueObjectList_and_parser/build/bin/unit_tests)
==255== 
==255== 400 bytes in 10 blocks are definitely lost in loss record 21 of 30
==255==    at 0x4849013: operator new(unsigned long) (in /usr/libexec/valgrind/vgpreload_memcheck-amd64-linux.so)
==255==    by 0x1153A6: ObjectListTester_pushFrontOfElements_expectedSizeIncreases_Test::TestBody() (in /tmp/tmpi8txaue0/student/zaj8i9UniqueObjectList_and_parser/build/bin/unit_tests)
==255==    by 0x167BF4: void testing::internal::HandleSehExceptionsInMethodIfSupported<testing::Test, void>(testing::Test*, void (testing::Test::*)(), char const*) (in /tmp/tmpi8txaue0/student/zaj8i9UniqueObjectList_and_parser/build/bin/unit_tests)
==255==    by 0x15FF88: void testing::internal::HandleExceptionsInMethodIfSupported<testing::Test, void>(testing::Test*, void (testing::Test::*)(), char const*) (in /tmp/tmpi8txaue0/student/zaj8i9UniqueObjectList_and_parser/build/bin/unit_tests)
==255==    by 0x13AC1F: testing::Test::Run() (in /tmp/tmpi8txaue0/student/zaj8i9UniqueObjectList_and_parser/build/bin/unit_tests)
==255==    by 0x13B73A: testing::TestInfo::Run() (in /tmp/tmpi8txaue0/student/zaj8i9UniqueObjectList_and_parser/build/bin/unit_tests)
==255==    by 0x13C078: testing::TestSuite::Run() (in /tmp/tmpi8txaue0/student/zaj8i9UniqueObjectList_and_parser/build/bin/unit_tests)
==255==    by 0x14C428: testing::internal::UnitTestImpl::RunAllTests() (in /tmp/tmpi8txaue0/student/zaj8i9UniqueObjectList_and_parser/build/bin/unit_tests)
==255==    by 0x168C9B: bool testing::internal::HandleSehExceptionsInMethodIfSupported<testing::internal::UnitTestImpl, bool>(testing::internal::UnitTestImpl*, bool (testing::internal::UnitTestImpl::*)(), char const*) (in /tmp/tmpi8txaue0/student/zaj8i9UniqueObjectList_and_parser/build/bin/unit_tests)
==255==    by 0x1611A8: bool testing::internal::HandleExceptionsInMethodIfSupported<testing::internal::UnitTestImpl, bool>(testing::internal::UnitTestImpl*, bool (testing::internal::UnitTestImpl::*)(), char const*) (in /tmp/tmpi8txaue0/student/zaj8i9UniqueObjectList_and_parser/build/bin/unit_tests)
==255==    by 0x14AA4A: testing::UnitTest::Run() (in /tmp/tmpi8txaue0/student/zaj8i9UniqueObjectList_and_parser/build/bin/unit_tests)
==255==    by 0x17CD82: RUN_ALL_TESTS() (in /tmp/tmpi8txaue0/student/zaj8i9UniqueObjectList_and_parser/build/bin/unit_tests)
==255== 
==255== 400 bytes in 10 blocks are definitely lost in loss record 22 of 30
==255==    at 0x4849013: operator new(unsigned long) (in /usr/libexec/valgrind/vgpreload_memcheck-amd64-linux.so)
==255==    by 0x11584D: ObjectListTester_pushFrontOfDuplicatedElements_expectedSizeIncreasesOnlyWhenUniqueElementAdded_Test::TestBody() (in /tmp/tmpi8txaue0/student/zaj8i9UniqueObjectList_and_parser/build/bin/unit_tests)
==255==    by 0x167BF4: void testing::internal::HandleSehExceptionsInMethodIfSupported<testing::Test, void>(testing::Test*, void (testing::Test::*)(), char const*) (in /tmp/tmpi8txaue0/student/zaj8i9UniqueObjectList_and_parser/build/bin/unit_tests)
==255==    by 0x15FF88: void testing::internal::HandleExceptionsInMethodIfSupported<testing::Test, void>(testing::Test*, void (testing::Test::*)(), char const*) (in /tmp/tmpi8txaue0/student/zaj8i9UniqueObjectList_and_parser/build/bin/unit_tests)
==255==    by 0x13AC1F: testing::Test::Run() (in /tmp/tmpi8txaue0/student/zaj8i9UniqueObjectList_and_parser/build/bin/unit_tests)
==255==    by 0x13B73A: testing::TestInfo::Run() (in /tmp/tmpi8txaue0/student/zaj8i9UniqueObjectList_and_parser/build/bin/unit_tests)
==255==    by 0x13C078: testing::TestSuite::Run() (in /tmp/tmpi8txaue0/student/zaj8i9UniqueObjectList_and_parser/build/bin/unit_tests)
==255==    by 0x14C428: testing::internal::UnitTestImpl::RunAllTests() (in /tmp/tmpi8txaue0/student/zaj8i9UniqueObjectList_and_parser/build/bin/unit_tests)
==255==    by 0x168C9B: bool testing::internal::HandleSehExceptionsInMethodIfSupported<testing::internal::UnitTestImpl, bool>(testing::internal::UnitTestImpl*, bool (testing::internal::UnitTestImpl::*)(), char const*) (in /tmp/tmpi8txaue0/student/zaj8i9UniqueObjectList_and_parser/build/bin/unit_tests)
==255==    by 0x1611A8: bool testing::internal::HandleExceptionsInMethodIfSupported<testing::internal::UnitTestImpl, bool>(testing::internal::UnitTestImpl*, bool (testing::internal::UnitTestImpl::*)(), char const*) (in /tmp/tmpi8txaue0/student/zaj8i9UniqueObjectList_and_parser/build/bin/unit_tests)
==255==    by 0x14AA4A: testing::UnitTest::Run() (in /tmp/tmpi8txaue0/student/zaj8i9UniqueObjectList_and_parser/build/bin/unit_tests)
==255==    by 0x17CD82: RUN_ALL_TESTS() (in /tmp/tmpi8txaue0/student/zaj8i9UniqueObjectList_and_parser/build/bin/unit_tests)
==255== 
==255== 400 bytes in 10 blocks are definitely lost in loss record 23 of 30
==255==    at 0x4849013: operator new(unsigned long) (in /usr/libexec/valgrind/vgpreload_memcheck-amd64-linux.so)
==255==    by 0x115B94: ObjectListTester_pushFrontOfDuplicatedElements_expectedSizeIncreasesOnlyWhenUniqueElementAdded_Test::TestBody() (in /tmp/tmpi8txaue0/student/zaj8i9UniqueObjectList_and_parser/build/bin/unit_tests)
==255==    by 0x167BF4: void testing::internal::HandleSehExceptionsInMethodIfSupported<testing::Test, void>(testing::Test*, void (testing::Test::*)(), char const*) (in /tmp/tmpi8txaue0/student/zaj8i9UniqueObjectList_and_parser/build/bin/unit_tests)
==255==    by 0x15FF88: void testing::internal::HandleExceptionsInMethodIfSupported<testing::Test, void>(testing::Test*, void (testing::Test::*)(), char const*) (in /tmp/tmpi8txaue0/student/zaj8i9UniqueObjectList_and_parser/build/bin/unit_tests)
==255==    by 0x13AC1F: testing::Test::Run() (in /tmp/tmpi8txaue0/student/zaj8i9UniqueObjectList_and_parser/build/bin/unit_tests)
==255==    by 0x13B73A: testing::TestInfo::Run() (in /tmp/tmpi8txaue0/student/zaj8i9UniqueObjectList_and_parser/build/bin/unit_tests)
==255==    by 0x13C078: testing::TestSuite::Run() (in /tmp/tmpi8txaue0/student/zaj8i9UniqueObjectList_and_parser/build/bin/unit_tests)
==255==    by 0x14C428: testing::internal::UnitTestImpl::RunAllTests() (in /tmp/tmpi8txaue0/student/zaj8i9UniqueObjectList_and_parser/build/bin/unit_tests)
==255==    by 0x168C9B: bool testing::internal::HandleSehExceptionsInMethodIfSupported<testing::internal::UnitTestImpl, bool>(testing::internal::UnitTestImpl*, bool (testing::internal::UnitTestImpl::*)(), char const*) (in /tmp/tmpi8txaue0/student/zaj8i9UniqueObjectList_and_parser/build/bin/unit_tests)
==255==    by 0x1611A8: bool testing::internal::HandleExceptionsInMethodIfSupported<testing::internal::UnitTestImpl, bool>(testing::internal::UnitTestImpl*, bool (testing::internal::UnitTestImpl::*)(), char const*) (in /tmp/tmpi8txaue0/student/zaj8i9UniqueObjectList_and_parser/build/bin/unit_tests)
==255==    by 0x14AA4A: testing::UnitTest::Run() (in /tmp/tmpi8txaue0/student/zaj8i9UniqueObjectList_and_parser/build/bin/unit_tests)
==255==    by 0x17CD82: RUN_ALL_TESTS() (in /tmp/tmpi8txaue0/student/zaj8i9UniqueObjectList_and_parser/build/bin/unit_tests)
==255== 
==255== 400 bytes in 10 blocks are definitely lost in loss record 24 of 30
==255==    at 0x4849013: operator new(unsigned long) (in /usr/libexec/valgrind/vgpreload_memcheck-amd64-linux.so)
==255==    by 0x1186EC: ObjectListTester_loopingWithIterators_expectedSuccess_Test::TestBody() (in /tmp/tmpi8txaue0/student/zaj8i9UniqueObjectList_and_parser/build/bin/unit_tests)
==255==    by 0x167BF4: void testing::internal::HandleSehExceptionsInMethodIfSupported<testing::Test, void>(testing::Test*, void (testing::Test::*)(), char const*) (in /tmp/tmpi8txaue0/student/zaj8i9UniqueObjectList_and_parser/build/bin/unit_tests)
==255==    by 0x15FF88: void testing::internal::HandleExceptionsInMethodIfSupported<testing::Test, void>(testing::Test*, void (testing::Test::*)(), char const*) (in /tmp/tmpi8txaue0/student/zaj8i9UniqueObjectList_and_parser/build/bin/unit_tests)
==255==    by 0x13AC1F: testing::Test::Run() (in /tmp/tmpi8txaue0/student/zaj8i9UniqueObjectList_and_parser/build/bin/unit_tests)
==255==    by 0x13B73A: testing::TestInfo::Run() (in /tmp/tmpi8txaue0/student/zaj8i9UniqueObjectList_and_parser/build/bin/unit_tests)
==255==    by 0x13C078: testing::TestSuite::Run() (in /tmp/tmpi8txaue0/student/zaj8i9UniqueObjectList_and_parser/build/bin/unit_tests)
==255==    by 0x14C428: testing::internal::UnitTestImpl::RunAllTests() (in /tmp/tmpi8txaue0/student/zaj8i9UniqueObjectList_and_parser/build/bin/unit_tests)
==255==    by 0x168C9B: bool testing::internal::HandleSehExceptionsInMethodIfSupported<testing::internal::UnitTestImpl, bool>(testing::internal::UnitTestImpl*, bool (testing::internal::UnitTestImpl::*)(), char const*) (in /tmp/tmpi8txaue0/student/zaj8i9UniqueObjectList_and_parser/build/bin/unit_tests)
==255==    by 0x1611A8: bool testing::internal::HandleExceptionsInMethodIfSupported<testing::internal::UnitTestImpl, bool>(testing::internal::UnitTestImpl*, bool (testing::internal::UnitTestImpl::*)(), char const*) (in /tmp/tmpi8txaue0/student/zaj8i9UniqueObjectList_and_parser/build/bin/unit_tests)
==255==    by 0x14AA4A: testing::UnitTest::Run() (in /tmp/tmpi8txaue0/student/zaj8i9UniqueObjectList_and_parser/build/bin/unit_tests)
==255==    by 0x17CD82: RUN_ALL_TESTS() (in /tmp/tmpi8txaue0/student/zaj8i9UniqueObjectList_and_parser/build/bin/unit_tests)
==255== 
==255== 400 bytes in 10 blocks are definitely lost in loss record 25 of 30
==255==    at 0x4849013: operator new(unsigned long) (in /usr/libexec/valgrind/vgpreload_memcheck-amd64-linux.so)
==255==    by 0x118AFC: ObjectListTester_eraseAfterMiddleElement_expectedMiddleElementErased_Test::TestBody() (in /tmp/tmpi8txaue0/student/zaj8i9UniqueObjectList_and_parser/build/bin/unit_tests)
==255==    by 0x167BF4: void testing::internal::HandleSehExceptionsInMethodIfSupported<testing::Test, void>(testing::Test*, void (testing::Test::*)(), char const*) (in /tmp/tmpi8txaue0/student/zaj8i9UniqueObjectList_and_parser/build/bin/unit_tests)
==255==    by 0x15FF88: void testing::internal::HandleExceptionsInMethodIfSupported<testing::Test, void>(testing::Test*, void (testing::Test::*)(), char const*) (in /tmp/tmpi8txaue0/student/zaj8i9UniqueObjectList_and_parser/build/bin/unit_tests)
==255==    by 0x13AC1F: testing::Test::Run() (in /tmp/tmpi8txaue0/student/zaj8i9UniqueObjectList_and_parser/build/bin/unit_tests)
==255==    by 0x13B73A: testing::TestInfo::Run() (in /tmp/tmpi8txaue0/student/zaj8i9UniqueObjectList_and_parser/build/bin/unit_tests)
==255==    by 0x13C078: testing::TestSuite::Run() (in /tmp/tmpi8txaue0/student/zaj8i9UniqueObjectList_and_parser/build/bin/unit_tests)
==255==    by 0x14C428: testing::internal::UnitTestImpl::RunAllTests() (in /tmp/tmpi8txaue0/student/zaj8i9UniqueObjectList_and_parser/build/bin/unit_tests)
==255==    by 0x168C9B: bool testing::internal::HandleSehExceptionsInMethodIfSupported<testing::internal::UnitTestImpl, bool>(testing::internal::UnitTestImpl*, bool (testing::internal::UnitTestImpl::*)(), char const*) (in /tmp/tmpi8txaue0/student/zaj8i9UniqueObjectList_and_parser/build/bin/unit_tests)
==255==    by 0x1611A8: bool testing::internal::HandleExceptionsInMethodIfSupported<testing::internal::UnitTestImpl, bool>(testing::internal::UnitTestImpl*, bool (testing::internal::UnitTestImpl::*)(), char const*) (in /tmp/tmpi8txaue0/student/zaj8i9UniqueObjectList_and_parser/build/bin/unit_tests)
==255==    by 0x14AA4A: testing::UnitTest::Run() (in /tmp/tmpi8txaue0/student/zaj8i9UniqueObjectList_and_parser/build/bin/unit_tests)
==255==    by 0x17CD82: RUN_ALL_TESTS() (in /tmp/tmpi8txaue0/student/zaj8i9UniqueObjectList_and_parser/build/bin/unit_tests)
==255== 
==255== 400 bytes in 10 blocks are definitely lost in loss record 26 of 30
==255==    at 0x4849013: operator new(unsigned long) (in /usr/libexec/valgrind/vgpreload_memcheck-amd64-linux.so)
==255==    by 0x11913F: ObjectListTester_eraseMiddleElement_expectedMiddleElementErased_Test::TestBody() (in /tmp/tmpi8txaue0/student/zaj8i9UniqueObjectList_and_parser/build/bin/unit_tests)
==255==    by 0x167BF4: void testing::internal::HandleSehExceptionsInMethodIfSupported<testing::Test, void>(testing::Test*, void (testing::Test::*)(), char const*) (in /tmp/tmpi8txaue0/student/zaj8i9UniqueObjectList_and_parser/build/bin/unit_tests)
==255==    by 0x15FF88: void testing::internal::HandleExceptionsInMethodIfSupported<testing::Test, void>(testing::Test*, void (testing::Test::*)(), char const*) (in /tmp/tmpi8txaue0/student/zaj8i9UniqueObjectList_and_parser/build/bin/unit_tests)
==255==    by 0x13AC1F: testing::Test::Run() (in /tmp/tmpi8txaue0/student/zaj8i9UniqueObjectList_and_parser/build/bin/unit_tests)
==255==    by 0x13B73A: testing::TestInfo::Run() (in /tmp/tmpi8txaue0/student/zaj8i9UniqueObjectList_and_parser/build/bin/unit_tests)
==255==    by 0x13C078: testing::TestSuite::Run() (in /tmp/tmpi8txaue0/student/zaj8i9UniqueObjectList_and_parser/build/bin/unit_tests)
==255==    by 0x14C428: testing::internal::UnitTestImpl::RunAllTests() (in /tmp/tmpi8txaue0/student/zaj8i9UniqueObjectList_and_parser/build/bin/unit_tests)
==255==    by 0x168C9B: bool testing::internal::HandleSehExceptionsInMethodIfSupported<testing::internal::UnitTestImpl, bool>(testing::internal::UnitTestImpl*, bool (testing::internal::UnitTestImpl::*)(), char const*) (in /tmp/tmpi8txaue0/student/zaj8i9UniqueObjectList_and_parser/build/bin/unit_tests)
==255==    by 0x1611A8: bool testing::internal::HandleExceptionsInMethodIfSupported<testing::internal::UnitTestImpl, bool>(testing::internal::UnitTestImpl*, bool (testing::internal::UnitTestImpl::*)(), char const*) (in /tmp/tmpi8txaue0/student/zaj8i9UniqueObjectList_and_parser/build/bin/unit_tests)
==255==    by 0x14AA4A: testing::UnitTest::Run() (in /tmp/tmpi8txaue0/student/zaj8i9UniqueObjectList_and_parser/build/bin/unit_tests)
==255==    by 0x17CD82: RUN_ALL_TESTS() (in /tmp/tmpi8txaue0/student/zaj8i9UniqueObjectList_and_parser/build/bin/unit_tests)
==255== 
==255== 400 bytes in 10 blocks are definitely lost in loss record 27 of 30
==255==    at 0x4849013: operator new(unsigned long) (in /usr/libexec/valgrind/vgpreload_memcheck-amd64-linux.so)
==255==    by 0x11975A: ObjectListTester_copyConstructorImplemented_expected2ListsWithTheSameElementsInTheSameOrder_Test::TestBody() (in /tmp/tmpi8txaue0/student/zaj8i9UniqueObjectList_and_parser/build/bin/unit_tests)
==255==    by 0x167BF4: void testing::internal::HandleSehExceptionsInMethodIfSupported<testing::Test, void>(testing::Test*, void (testing::Test::*)(), char const*) (in /tmp/tmpi8txaue0/student/zaj8i9UniqueObjectList_and_parser/build/bin/unit_tests)
==255==    by 0x15FF88: void testing::internal::HandleExceptionsInMethodIfSupported<testing::Test, void>(testing::Test*, void (testing::Test::*)(), char const*) (in /tmp/tmpi8txaue0/student/zaj8i9UniqueObjectList_and_parser/build/bin/unit_tests)
==255==    by 0x13AC1F: testing::Test::Run() (in /tmp/tmpi8txaue0/student/zaj8i9UniqueObjectList_and_parser/build/bin/unit_tests)
==255==    by 0x13B73A: testing::TestInfo::Run() (in /tmp/tmpi8txaue0/student/zaj8i9UniqueObjectList_and_parser/build/bin/unit_tests)
==255==    by 0x13C078: testing::TestSuite::Run() (in /tmp/tmpi8txaue0/student/zaj8i9UniqueObjectList_and_parser/build/bin/unit_tests)
==255==    by 0x14C428: testing::internal::UnitTestImpl::RunAllTests() (in /tmp/tmpi8txaue0/student/zaj8i9UniqueObjectList_and_parser/build/bin/unit_tests)
==255==    by 0x168C9B: bool testing::internal::HandleSehExceptionsInMethodIfSupported<testing::internal::UnitTestImpl, bool>(testing::internal::UnitTestImpl*, bool (testing::internal::UnitTestImpl::*)(), char const*) (in /tmp/tmpi8txaue0/student/zaj8i9UniqueObjectList_and_parser/build/bin/unit_tests)
==255==    by 0x1611A8: bool testing::internal::HandleExceptionsInMethodIfSupported<testing::internal::UnitTestImpl, bool>(testing::internal::UnitTestImpl*, bool (testing::internal::UnitTestImpl::*)(), char const*) (in /tmp/tmpi8txaue0/student/zaj8i9UniqueObjectList_and_parser/build/bin/unit_tests)
==255==    by 0x14AA4A: testing::UnitTest::Run() (in /tmp/tmpi8txaue0/student/zaj8i9UniqueObjectList_and_parser/build/bin/unit_tests)
==255==    by 0x17CD82: RUN_ALL_TESTS() (in /tmp/tmpi8txaue0/student/zaj8i9UniqueObjectList_and_parser/build/bin/unit_tests)
==255== 
==255== 400 bytes in 10 blocks are definitely lost in loss record 28 of 30
==255==    at 0x4849013: operator new(unsigned long) (in /usr/libexec/valgrind/vgpreload_memcheck-amd64-linux.so)
==255==    by 0x11A05C: ObjectListTester_moveConstructorImplemented_expectedAllElementsMovedToOrderContainer_Test::TestBody() (in /tmp/tmpi8txaue0/student/zaj8i9UniqueObjectList_and_parser/build/bin/unit_tests)
==255==    by 0x167BF4: void testing::internal::HandleSehExceptionsInMethodIfSupported<testing::Test, void>(testing::Test*, void (testing::Test::*)(), char const*) (in /tmp/tmpi8txaue0/student/zaj8i9UniqueObjectList_and_parser/build/bin/unit_tests)
==255==    by 0x15FF88: void testing::internal::HandleExceptionsInMethodIfSupported<testing::Test, void>(testing::Test*, void (testing::Test::*)(), char const*) (in /tmp/tmpi8txaue0/student/zaj8i9UniqueObjectList_and_parser/build/bin/unit_tests)
==255==    by 0x13AC1F: testing::Test::Run() (in /tmp/tmpi8txaue0/student/zaj8i9UniqueObjectList_and_parser/build/bin/unit_tests)
==255==    by 0x13B73A: testing::TestInfo::Run() (in /tmp/tmpi8txaue0/student/zaj8i9UniqueObjectList_and_parser/build/bin/unit_tests)
==255==    by 0x13C078: testing::TestSuite::Run() (in /tmp/tmpi8txaue0/student/zaj8i9UniqueObjectList_and_parser/build/bin/unit_tests)
==255==    by 0x14C428: testing::internal::UnitTestImpl::RunAllTests() (in /tmp/tmpi8txaue0/student/zaj8i9UniqueObjectList_and_parser/build/bin/unit_tests)
==255==    by 0x168C9B: bool testing::internal::HandleSehExceptionsInMethodIfSupported<testing::internal::UnitTestImpl, bool>(testing::internal::UnitTestImpl*, bool (testing::internal::UnitTestImpl::*)(), char const*) (in /tmp/tmpi8txaue0/student/zaj8i9UniqueObjectList_and_parser/build/bin/unit_tests)
==255==    by 0x1611A8: bool testing::internal::HandleExceptionsInMethodIfSupported<testing::internal::UnitTestImpl, bool>(testing::internal::UnitTestImpl*, bool (testing::internal::UnitTestImpl::*)(), char const*) (in /tmp/tmpi8txaue0/student/zaj8i9UniqueObjectList_and_parser/build/bin/unit_tests)
==255==    by 0x14AA4A: testing::UnitTest::Run() (in /tmp/tmpi8txaue0/student/zaj8i9UniqueObjectList_and_parser/build/bin/unit_tests)
==255==    by 0x17CD82: RUN_ALL_TESTS() (in /tmp/tmpi8txaue0/student/zaj8i9UniqueObjectList_and_parser/build/bin/unit_tests)
==255== 
==255== 400 bytes in 10 blocks are definitely lost in loss record 29 of 30
==255==    at 0x4849013: operator new(unsigned long) (in /usr/libexec/valgrind/vgpreload_memcheck-amd64-linux.so)
==255==    by 0x11A7A5: ObjectListTester_assignmentOperatorCopying_expectedNewValues_Test::TestBody() (in /tmp/tmpi8txaue0/student/zaj8i9UniqueObjectList_and_parser/build/bin/unit_tests)
==255==    by 0x167BF4: void testing::internal::HandleSehExceptionsInMethodIfSupported<testing::Test, void>(testing::Test*, void (testing::Test::*)(), char const*) (in /tmp/tmpi8txaue0/student/zaj8i9UniqueObjectList_and_parser/build/bin/unit_tests)
==255==    by 0x15FF88: void testing::internal::HandleExceptionsInMethodIfSupported<testing::Test, void>(testing::Test*, void (testing::Test::*)(), char const*) (in /tmp/tmpi8txaue0/student/zaj8i9UniqueObjectList_and_parser/build/bin/unit_tests)
==255==    by 0x13AC1F: testing::Test::Run() (in /tmp/tmpi8txaue0/student/zaj8i9UniqueObjectList_and_parser/build/bin/unit_tests)
==255==    by 0x13B73A: testing::TestInfo::Run() (in /tmp/tmpi8txaue0/student/zaj8i9UniqueObjectList_and_parser/build/bin/unit_tests)
==255==    by 0x13C078: testing::TestSuite::Run() (in /tmp/tmpi8txaue0/student/zaj8i9UniqueObjectList_and_parser/build/bin/unit_tests)
==255==    by 0x14C428: testing::internal::UnitTestImpl::RunAllTests() (in /tmp/tmpi8txaue0/student/zaj8i9UniqueObjectList_and_parser/build/bin/unit_tests)
==255==    by 0x168C9B: bool testing::internal::HandleSehExceptionsInMethodIfSupported<testing::internal::UnitTestImpl, bool>(testing::internal::UnitTestImpl*, bool (testing::internal::UnitTestImpl::*)(), char const*) (in /tmp/tmpi8txaue0/student/zaj8i9UniqueObjectList_and_parser/build/bin/unit_tests)
==255==    by 0x1611A8: bool testing::internal::HandleExceptionsInMethodIfSupported<testing::internal::UnitTestImpl, bool>(testing::internal::UnitTestImpl*, bool (testing::internal::UnitTestImpl::*)(), char const*) (in /tmp/tmpi8txaue0/student/zaj8i9UniqueObjectList_and_parser/build/bin/unit_tests)
==255==    by 0x14AA4A: testing::UnitTest::Run() (in /tmp/tmpi8txaue0/student/zaj8i9UniqueObjectList_and_parser/build/bin/unit_tests)
==255==    by 0x17CD82: RUN_ALL_TESTS() (in /tmp/tmpi8txaue0/student/zaj8i9UniqueObjectList_and_parser/build/bin/unit_tests)
==255== 
==255== 687 (400 direct, 287 indirect) bytes in 10 blocks are definitely lost in loss record 30 of 30
==255==    at 0x4849013: operator new(unsigned long) (in /usr/libexec/valgrind/vgpreload_memcheck-amd64-linux.so)
==255==    by 0x11C2D6: ObjectListTester_assignmentOperatorMoving_expectedAllElementsMoved_Test::TestBody() (in /tmp/tmpi8txaue0/student/zaj8i9UniqueObjectList_and_parser/build/bin/unit_tests)
==255==    by 0x167BF4: void testing::internal::HandleSehExceptionsInMethodIfSupported<testing::Test, void>(testing::Test*, void (testing::Test::*)(), char const*) (in /tmp/tmpi8txaue0/student/zaj8i9UniqueObjectList_and_parser/build/bin/unit_tests)
==255==    by 0x15FF88: void testing::internal::HandleExceptionsInMethodIfSupported<testing::Test, void>(testing::Test*, void (testing::Test::*)(), char const*) (in /tmp/tmpi8txaue0/student/zaj8i9UniqueObjectList_and_parser/build/bin/unit_tests)
==255==    by 0x13AC1F: testing::Test::Run() (in /tmp/tmpi8txaue0/student/zaj8i9UniqueObjectList_and_parser/build/bin/unit_tests)
==255==    by 0x13B73A: testing::TestInfo::Run() (in /tmp/tmpi8txaue0/student/zaj8i9UniqueObjectList_and_parser/build/bin/unit_tests)
==255==    by 0x13C078: testing::TestSuite::Run() (in /tmp/tmpi8txaue0/student/zaj8i9UniqueObjectList_and_parser/build/bin/unit_tests)
==255==    by 0x14C428: testing::internal::UnitTestImpl::RunAllTests() (in /tmp/tmpi8txaue0/student/zaj8i9UniqueObjectList_and_parser/build/bin/unit_tests)
==255==    by 0x168C9B: bool testing::internal::HandleSehExceptionsInMethodIfSupported<testing::internal::UnitTestImpl, bool>(testing::internal::UnitTestImpl*, bool (testing::internal::UnitTestImpl::*)(), char const*) (in /tmp/tmpi8txaue0/student/zaj8i9UniqueObjectList_and_parser/build/bin/unit_tests)
==255==    by 0x1611A8: bool testing::internal::HandleExceptionsInMethodIfSupported<testing::internal::UnitTestImpl, bool>(testing::internal::UnitTestImpl*, bool (testing::internal::UnitTestImpl::*)(), char const*) (in /tmp/tmpi8txaue0/student/zaj8i9UniqueObjectList_and_parser/build/bin/unit_tests)
==255==    by 0x14AA4A: testing::UnitTest::Run() (in /tmp/tmpi8txaue0/student/zaj8i9UniqueObjectList_and_parser/build/bin/unit_tests)
==255==    by 0x17CD82: RUN_ALL_TESTS() (in /tmp/tmpi8txaue0/student/zaj8i9UniqueObjectList_and_parser/build/bin/unit_tests)
==255== 
==255== LEAK SUMMARY:
==255==    definitely lost: 6,136 bytes in 163 blocks
==255==    indirectly lost: 527 bytes in 13 blocks
==255==      possibly lost: 0 bytes in 0 blocks
==255==    still reachable: 0 bytes in 0 blocks
==255==         suppressed: 0 bytes in 0 blocks
==255== 
==255== Use --track-origins=yes to see where uninitialised values come from
==255== For lists of detected and suppressed errors, rerun with: -s
==255== ERROR SUMMARY: 155 errors from 37 contexts (suppressed: 0 from 0)
