/tmp/tmptes_9q19/student/zaj13FileMatrix/FileMatrix.hpp:331:44: warning: Found an exit path from function with non-void return type that has missing return statement [missingReturn]
    FileMatrix& operator*=(const T& value){};
                                           ^
/tmp/tmptes_9q19/student/zaj13FileMatrix/FileMatrix.hpp:58:5: warning: Class 'FileMatrix < int8_t , unsigned long >' has a constructor with 1 argument that is not explicit. [noExplicitConstructor]
    FileMatrix(const std::string& filename): filename_(filename)
    ^
/tmp/tmptes_9q19/student/zaj13FileMatrix/FileMatrix.hpp:359:9: warning: Struct 'iterator' has a constructor with 1 argument that is not explicit. [noExplicitConstructor]
        iterator(FileMatrix<T, IndexType>& matrix, IndexType row = 0, IndexType col = 0)
        ^
/tmp/tmptes_9q19/student/zaj13FileMatrix/FileMatrix.hpp:58:5: warning: Class 'FileMatrix < int16_t , unsigned long >' has a constructor with 1 argument that is not explicit. [noExplicitConstructor]
    FileMatrix(const std::string& filename): filename_(filename)
    ^
/tmp/tmptes_9q19/student/zaj13FileMatrix/FileMatrix.hpp:58:5: warning: Class 'FileMatrix < int32_t , unsigned long >' has a constructor with 1 argument that is not explicit. [noExplicitConstructor]
    FileMatrix(const std::string& filename): filename_(filename)
    ^
/tmp/tmptes_9q19/student/zaj13FileMatrix/FileMatrix.hpp:58:5: warning: Class 'FileMatrix < int64_t , unsigned long >' has a constructor with 1 argument that is not explicit. [noExplicitConstructor]
    FileMatrix(const std::string& filename): filename_(filename)
    ^
/tmp/tmptes_9q19/student/zaj13FileMatrix/FileMatrix.hpp:58:5: warning: Class 'FileMatrix < double , unsigned long >' has a constructor with 1 argument that is not explicit. [noExplicitConstructor]
    FileMatrix(const std::string& filename): filename_(filename)
    ^
/tmp/tmptes_9q19/student/zaj13FileMatrix/FileMatrix.hpp:58:5: warning: Class 'FileMatrix < float , unsigned long >' has a constructor with 1 argument that is not explicit. [noExplicitConstructor]
    FileMatrix(const std::string& filename): filename_(filename)
    ^
/tmp/tmptes_9q19/student/zaj13FileMatrix/FileMatrix.hpp:58:5: warning: Class 'FileMatrix < unsigned long , unsigned long >' has a constructor with 1 argument that is not explicit. [noExplicitConstructor]
    FileMatrix(const std::string& filename): filename_(filename)
    ^
/tmp/tmptes_9q19/student/zaj13FileMatrix/FileMatrix.hpp:58:5: warning: Class 'FileMatrix < char , unsigned long >' has a constructor with 1 argument that is not explicit. [noExplicitConstructor]
    FileMatrix(const std::string& filename): filename_(filename)
    ^
/tmp/tmptes_9q19/student/zaj13FileMatrix/FileMatrix.hpp:58:5: warning: Class 'FileMatrix < unsigned int , unsigned long >' has a constructor with 1 argument that is not explicit. [noExplicitConstructor]
    FileMatrix(const std::string& filename): filename_(filename)
    ^
/tmp/tmptes_9q19/student/zaj13FileMatrix/FileMatrix.hpp:58:5: warning: Class 'FileMatrix < unsigned long long , unsigned long >' has a constructor with 1 argument that is not explicit. [noExplicitConstructor]
    FileMatrix(const std::string& filename): filename_(filename)
    ^
/tmp/tmptes_9q19/student/zaj13FileMatrix/FileMatrix.hpp:58:5: warning: Class 'FileMatrix' has a constructor with 1 argument that is not explicit. [noExplicitConstructor]
    FileMatrix(const std::string& filename): filename_(filename)
    ^
