{
  "tests": 15,
  "failures": 0,
  "disabled": 0,
  "errors": 0,
  "timestamp": "2023-06-21T17:54:46Z",
  "time": "1.036s",
  "name": "AllTests",
  "testsuites": [
    {
      "name": "FileMatrixTester",
      "tests": 15,
      "failures": 0,
      "disabled": 0,
      "errors": 0,
      "timestamp": "2023-06-21T17:54:46Z",
      "time": "1.035s",
      "testsuite": [
        {
          "name": "initialisationOfSingleElementMatrix_expectedFileCreated",
          "file": "\/tmp\/tmptes_9q19\/student\/zaj13FileMatrix\/unitTests\/FileMatrixTests.cpp",
          "line": 170,
          "status": "RUN",
          "result": "COMPLETED",
          "timestamp": "2023-06-21T17:54:46Z",
          "time": "0s",
          "classname": "FileMatrixTester"
        },
        {
          "name": "initialisationOfMatrixSingleColumnButMultipleRows_expectedFileWithProperSizeCreated",
          "file": "\/tmp\/tmptes_9q19\/student\/zaj13FileMatrix\/unitTests\/FileMatrixTests.cpp",
          "line": 186,
          "status": "RUN",
          "result": "COMPLETED",
          "timestamp": "2023-06-21T17:54:46Z",
          "time": "0s",
          "classname": "FileMatrixTester"
        },
        {
          "name": "initialisationOfMatrixMultipleColumnAndSingleRow_expectedFileWithProperSizeCreated",
          "file": "\/tmp\/tmptes_9q19\/student\/zaj13FileMatrix\/unitTests\/FileMatrixTests.cpp",
          "line": 202,
          "status": "RUN",
          "result": "COMPLETED",
          "timestamp": "2023-06-21T17:54:46Z",
          "time": "0s",
          "classname": "FileMatrixTester"
        },
        {
          "name": "initialisationOfSquareMatrixMultipleColumnAndMultipleRows_expectedFileWithProperSizeCreated",
          "file": "\/tmp\/tmptes_9q19\/student\/zaj13FileMatrix\/unitTests\/FileMatrixTests.cpp",
          "line": 218,
          "status": "RUN",
          "result": "COMPLETED",
          "timestamp": "2023-06-21T17:54:46Z",
          "time": "0s",
          "classname": "FileMatrixTester"
        },
        {
          "name": "accesingMatrixDataWithTooGreatIndex_expectedThrowingOutOfRangeException",
          "file": "\/tmp\/tmptes_9q19\/student\/zaj13FileMatrix\/unitTests\/FileMatrixTests.cpp",
          "line": 234,
          "status": "RUN",
          "result": "COMPLETED",
          "timestamp": "2023-06-21T17:54:46Z",
          "time": "0s",
          "classname": "FileMatrixTester"
        },
        {
          "name": "accesingMatrixElementsWithIndex_expectedSucessfullWriteAndRead",
          "file": "\/tmp\/tmptes_9q19\/student\/zaj13FileMatrix\/unitTests\/FileMatrixTests.cpp",
          "line": 253,
          "status": "RUN",
          "result": "COMPLETED",
          "timestamp": "2023-06-21T17:54:46Z",
          "time": "0s",
          "classname": "FileMatrixTester"
        },
        {
          "name": "comparingOfMatrixesWithTheSameData_expectedComparationReturnsTrue",
          "file": "\/tmp\/tmptes_9q19\/student\/zaj13FileMatrix\/unitTests\/FileMatrixTests.cpp",
          "line": 283,
          "status": "RUN",
          "result": "COMPLETED",
          "timestamp": "2023-06-21T17:54:46Z",
          "time": "0.006s",
          "classname": "FileMatrixTester"
        },
        {
          "name": "comparingDifferentMatrixesWithTheSameNumberOfRowsAndColumnsButDifferentData_expectedComparationReturnsFalse",
          "file": "\/tmp\/tmptes_9q19\/student\/zaj13FileMatrix\/unitTests\/FileMatrixTests.cpp",
          "line": 326,
          "status": "RUN",
          "result": "COMPLETED",
          "timestamp": "2023-06-21T17:54:46Z",
          "time": "0s",
          "classname": "FileMatrixTester"
        },
        {
          "name": "copyConstruction_expectedFileCopiedWithEqualBinaryData",
          "file": "\/tmp\/tmptes_9q19\/student\/zaj13FileMatrix\/unitTests\/FileMatrixTests.cpp",
          "line": 371,
          "status": "RUN",
          "result": "COMPLETED",
          "timestamp": "2023-06-21T17:54:46Z",
          "time": "0.254s",
          "classname": "FileMatrixTester"
        },
        {
          "name": "assignmentOperatorCopying_expectedMatricesTheSame",
          "file": "\/tmp\/tmptes_9q19\/student\/zaj13FileMatrix\/unitTests\/FileMatrixTests.cpp",
          "line": 413,
          "status": "RUN",
          "result": "COMPLETED",
          "timestamp": "2023-06-21T17:54:46Z",
          "time": "0.355s",
          "classname": "FileMatrixTester"
        },
        {
          "name": "moveConstruction_expectedFileMovedButSourceObjectUsable",
          "file": "\/tmp\/tmptes_9q19\/student\/zaj13FileMatrix\/unitTests\/FileMatrixTests.cpp",
          "line": 459,
          "status": "RUN",
          "result": "COMPLETED",
          "timestamp": "2023-06-21T17:54:47Z",
          "time": "0.205s",
          "classname": "FileMatrixTester"
        },
        {
          "name": "assignmentOperatorMoving_expectedFileMovedButSourceObjectUsable",
          "file": "\/tmp\/tmptes_9q19\/student\/zaj13FileMatrix\/unitTests\/FileMatrixTests.cpp",
          "line": 510,
          "status": "RUN",
          "result": "COMPLETED",
          "timestamp": "2023-06-21T17:54:47Z",
          "time": "0.211s",
          "classname": "FileMatrixTester"
        },
        {
          "name": "containerHasBeginEndMethodsReturningIterator",
          "file": "\/tmp\/tmptes_9q19\/student\/zaj13FileMatrix\/unitTests\/FileMatrixTests.cpp",
          "line": 563,
          "status": "RUN",
          "result": "COMPLETED",
          "timestamp": "2023-06-21T17:54:47Z",
          "time": "0s",
          "classname": "FileMatrixTester"
        },
        {
          "name": "containerHasIteratowWorkingWithForLoop",
          "file": "\/tmp\/tmptes_9q19\/student\/zaj13FileMatrix\/unitTests\/FileMatrixTests.cpp",
          "line": 601,
          "status": "RUN",
          "result": "COMPLETED",
          "timestamp": "2023-06-21T17:54:47Z",
          "time": "0s",
          "classname": "FileMatrixTester"
        },
        {
          "name": "containerHasIteratowWorkingWithStl",
          "file": "\/tmp\/tmptes_9q19\/student\/zaj13FileMatrix\/unitTests\/FileMatrixTests.cpp",
          "line": 642,
          "status": "RUN",
          "result": "COMPLETED",
          "timestamp": "2023-06-21T17:54:47Z",
          "time": "0s",
          "classname": "FileMatrixTester"
        }
      ]
    }
  ]
}
