==164== Memcheck, a memory error detector
==164== Copyright (C) 2002-2017, and GNU GPL'd, by Julian Seward et al.
==164== Using Valgrind-3.18.1 and LibVEX; rerun with -h for copyright info
==164== Command: /tmp/tmptes_9q19/student/zaj13FileMatrix/build//bin/unit_tests
==164== 
Running main() from /tmp/tmptes_9q19/student/zaj13FileMatrix/unitTests/lib/googletest/src/gtest_main.cc
[==========] Running 15 tests from 1 test suite.
[----------] Global test environment set-up.
[----------] 15 tests from FileMatrixTester
[ RUN      ] FileMatrixTester.initialisationOfSingleElementMatrix_expectedFileCreated
[       OK ] FileMatrixTester.initialisationOfSingleElementMatrix_expectedFileCreated (79 ms)
[ RUN      ] FileMatrixTester.initialisationOfMatrixSingleColumnButMultipleRows_expectedFileWithProperSizeCreated
[       OK ] FileMatrixTester.initialisationOfMatrixSingleColumnButMultipleRows_expectedFileWithProperSizeCreated (8 ms)
[ RUN      ] FileMatrixTester.initialisationOfMatrixMultipleColumnAndSingleRow_expectedFileWithProperSizeCreated
[       OK ] FileMatrixTester.initialisationOfMatrixMultipleColumnAndSingleRow_expectedFileWithProperSizeCreated (8 ms)
[ RUN      ] FileMatrixTester.initialisationOfSquareMatrixMultipleColumnAndMultipleRows_expectedFileWithProperSizeCreated
[       OK ] FileMatrixTester.initialisationOfSquareMatrixMultipleColumnAndMultipleRows_expectedFileWithProperSizeCreated (20 ms)
[ RUN      ] FileMatrixTester.accesingMatrixDataWithTooGreatIndex_expectedThrowingOutOfRangeException
[       OK ] FileMatrixTester.accesingMatrixDataWithTooGreatIndex_expectedThrowingOutOfRangeException (45 ms)
[ RUN      ] FileMatrixTester.accesingMatrixElementsWithIndex_expectedSucessfullWriteAndRead
[       OK ] FileMatrixTester.accesingMatrixElementsWithIndex_expectedSucessfullWriteAndRead (51 ms)
[ RUN      ] FileMatrixTester.comparingOfMatrixesWithTheSameData_expectedComparationReturnsTrue
[       OK ] FileMatrixTester.comparingOfMatrixesWithTheSameData_expectedComparationReturnsTrue (53 ms)
[ RUN      ] FileMatrixTester.comparingDifferentMatrixesWithTheSameNumberOfRowsAndColumnsButDifferentData_expectedComparationReturnsFalse
[       OK ] FileMatrixTester.comparingDifferentMatrixesWithTheSameNumberOfRowsAndColumnsButDifferentData_expectedComparationReturnsFalse (27 ms)
[ RUN      ] FileMatrixTester.copyConstruction_expectedFileCopiedWithEqualBinaryData
[       OK ] FileMatrixTester.copyConstruction_expectedFileCopiedWithEqualBinaryData (3535 ms)
[ RUN      ] FileMatrixTester.assignmentOperatorCopying_expectedMatricesTheSame
[       OK ] FileMatrixTester.assignmentOperatorCopying_expectedMatricesTheSame (5506 ms)
[ RUN      ] FileMatrixTester.moveConstruction_expectedFileMovedButSourceObjectUsable
[       OK ] FileMatrixTester.moveConstruction_expectedFileMovedButSourceObjectUsable (3550 ms)
[ RUN      ] FileMatrixTester.assignmentOperatorMoving_expectedFileMovedButSourceObjectUsable
[       OK ] FileMatrixTester.assignmentOperatorMoving_expectedFileMovedButSourceObjectUsable (3654 ms)
[ RUN      ] FileMatrixTester.containerHasBeginEndMethodsReturningIterator
[       OK ] FileMatrixTester.containerHasBeginEndMethodsReturningIterator (10 ms)
[ RUN      ] FileMatrixTester.containerHasIteratowWorkingWithForLoop
[       OK ] FileMatrixTester.containerHasIteratowWorkingWithForLoop (12 ms)
[ RUN      ] FileMatrixTester.containerHasIteratowWorkingWithStl
[       OK ] FileMatrixTester.containerHasIteratowWorkingWithStl (14 ms)
[----------] 15 tests from FileMatrixTester (16593 ms total)

[----------] Global test environment tear-down
[==========] 15 tests from 1 test suite ran. (16646 ms total)
[  PASSED  ] 15 tests.
==164== 
==164== HEAP SUMMARY:
==164==     in use at exit: 0 bytes in 0 blocks
==164==   total heap usage: 451,496 allocs, 451,496 frees, 1,627,759,096 bytes allocated
==164== 
==164== All heap blocks were freed -- no leaks are possible
==164== 
==164== For lists of detected and suppressed errors, rerun with: -s
==164== ERROR SUMMARY: 0 errors from 0 contexts (suppressed: 0 from 0)
